Request Sender: /, Token: $2y$12$s9LBIzunfuDqITz.ecXehuHgXpqZprtZjgTk4CcNznKrGQAwHoR/S
Request Sender: /, Token: $2y$12$UPpQsParyAHw2gF6u4lvM.olx.peXe3Jc1zLehWRPbv76FuAiQBsu
Request Sender: /, Token: $2y$12$AmEnGQLOxmr1VFdaSokWZ.Uw4zqvxoQhnERBiNie.CB0k3.qFWHwW
Request Sender: /, Token: $2y$12$/k8CkQS0w5irxE0WbX70puB1u2odqdeZz58zEbDVN63IH21n7zIK6
Request Sender: /, Token: $2y$12$zfubzSIqa3qw1YCtsA8csuXlEqSKjleh8xLc/p3zfUq9EomaNea0K
Request Sender: /, Token: $2y$12$RIwd/fjN1vEMWLG2u58/hufFxEApmQkwMMBCUAAiTMapTYt.ICDra
Request Sender: /, Token: $2y$12$6IEs5Xj7tMWIpWeYnYcoqe1kYjgtHdCDjTD3V92KnbOaQFLsI4n2u
Request Sender: /, Token: $2y$12$zkaSzNTqO6DA6lM5Jupeuu8fkmYpZORnHX3TBN.rdv57gQZiom69e
Request Sender: /, Token: $2y$12$G3IO5W3HU9g6iykdxaQrxOcyLeslmliAqMjBl3KE0ZEv1QTpL3HrC
Request Sender: /, Token: $2y$12$vyK7QR46A/GS70wecbt9E.qWecB.CTXf8rPTw5ussfoNgdobm2h26
Request Sender: /, Token: $2y$12$JuCeJArsKmZuxW/EjHkLYuQFeNNjSjijGHEH15zasnfF0O2jruT5e
Request Sender: /, Token: $2y$12$M1WvuAXqaanWG4x9tk0VZ.pV.e6fvmd9YB8ADg9MOdi9K7lQWRmny
Request Sender: /, Token: $2y$12$Rw9m17ZzoIwO73SPbH/8Fu3uACiIcwhTfMB0WB51Jb5TBJ.efabNu
Request Sender: /, Token: $2y$12$9/oKVZOgr7WVQLUL4IZnpeBzZQ4icjQEQdwYBRPybNA/x8mSp3tFu
Request Sender: /, Token: $2y$12$I3KM6loUbZbB3SqIU3q3VO4iG5dfh2L8RLCmPtkv8RaMLTci3yizu
Request Sender: /, Token: $2y$12$TJX9di0Jxx3vVFTPBMBxgeqBqlkK1pe7VW.huvcov4MixaoXQ7jva
Request Sender: /, Token: $2y$12$zIyMmEPJ4akFiehOJzP6xuCWIg1cvZ.C.UA9GESwcKSbPb29lE.wu
Request Sender: /, Token: $2y$12$FZ8.2K7pzmbSX3VwtVJs4uycSzEomw0Ojz0BERe6S7zZtXFQDEps2
Request Sender: /, Token: $2y$12$BTFsz5Z9LYiRi89PIShkp.Tm6XBbEESo06KYVrba3bFGYWBd4z2Ke
Request Sender: /, Token: $2y$12$aHEGOBpvbTyK/pVllLy3QeDKyyevy6hrU9c/sLiLUgLLXaQv5a9ze
Request Sender: /, Token: $2y$12$KMG4NNrnrUVI0AvbRfezEeh42q4I3zdAldKXx/3wsih/VAytzHRXu
Request Sender: /, Token: $2y$12$3OOVs7eDaDEAW7nIs9IJh.4ZWEefZN8/ROIfrtyuY.7GIAL3bVt/.
Request Sender: /, Token: $2y$12$AxOZAu1igZz51qnbH/0VbOmi9ji0RZ6HXUS.XeOQuMxGub2dA5tXO
Request Sender: /, Token: $2y$12$ELUU43razt9hVpMt//.G1e24XoPPQp9Xh7Vd1o3V9DbEt8Yz05kBG
Request Sender: /, Token: $2y$12$YIPGt7z8q3uDbgNuD66zfO4n0UM71ZBQ/BUycBMf5kLey8STa66ba
Request Sender: /, Token: $2y$12$ESzxEUKGtEQJ70VKwFYvZeReNkmtJ6OEoFRGLEI99/ebU5NccdgGO
Request Sender: /, Token: $2y$12$LG1YEajBH1yrao/.ZPPUlukrbp4PzbAZfyB0GGTUIYdP6jNJx3Y/m
Request Sender: /, Token: $2y$12$cuipUmMGfF9Waza4qyBWpO7zFEU1SHvikMObrCaM0krEQvKP2OQfO
Request Sender: /, Token: $2y$12$/exEK5bbx.spUKBQowbtyegKPqw5TVsVBVKnhsjaPxumkH83M11ai
Request Sender: /, Token: $2y$12$kUsbUPm9yO5CcWJ11F5nIO/Nx/rlcuJLs.cdZgaZvHGk4KLBlqF9.
Request Sender: /, Token: $2y$12$vNfboHCl4EZNG20mc53s1uMoQm9o8UAJUhhtVGe.Z7pxwRpvmLuMe
Request Sender: /, Token: $2y$12$Bd93rF80QMvY38Il/nI/k.JLcH0u/fUFhvyaJqtl7JZqHS98w6Xly
Request Sender: /, Token: $2y$12$3U.8mK6wFumEOvok.XatneI9MQZeikQZA1r87EmQ03U6BlHnNwSvW
Request Sender: /, Token: $2y$12$LTqff5JmO4qK7kcVG2iJQu3b0R1l2qofAz3McTyafauUQIGaFQK/K
Request Sender: /, Token: $2y$12$PvR.Nb2BiVZeTofjt13u6ux1.zTalTiNYhcX9F5S0CA53IFrRrhlO
Request Sender: /, Token: $2y$12$sjQEu6fLeYwiKSAohvDvCus.X0krgIwAM6EJ7Z.lwQhJzHniyS376
Request Sender: /, Token: $2y$12$sVIi.D155IxzsdMQCC9n0OaNsyEBxWfNkm15ef/09mN7CLB/7zAQS
Request Sender: /, Token: $2y$12$k31dJdM8xFuTbfwT97o2rOVX0DZxGwkxkoiRdyjA4ZsJtKs7MGsAi
Request Sender: /, Token: $2y$12$iY.wY5GfCRp6s.Z2sgiHYev182k6NFdHt3DANmSlXQk2eKSCi1Cf2
Request Sender: /, Token: $2y$12$4FZaQwYdZQJ/YR8Fr2Q1ZOnj1GQHl1lW7GUnc2YwHz3ZnqZHoEptK
Request Sender: /, Token: $2y$12$GYOel8/DX7dW4Ba457vPPeRwUyFqVmU/Kgom7xv85H/XB1HjNx/Ei
Request Sender: /, Token: $2y$12$KcPXLF6ulW2obVU99rKTXewCSc3SzkqxxIk3R/DKGIHPbgSwHyWIi
Request Sender: /, Token: $2y$12$k1ZVKVE/EyUhcEftGGfuyumHMt91nWrbYX2lGfzZ63Nuz77dJ1TJW
Request Sender: /, Token: $2y$12$p0uj7DWzSsmRJgqQRWNYl.w9q6NX8rEZ50LakO6Pm72Ru45nOT0FW
Request Sender: /, Token: $2y$12$7.LiX78l0qXzZKb5vfl0lOeKO0GBxYFljES9XCNE9SDZ65900x7d.
Request Sender: /, Token: $2y$12$eDUDVniy1b2MDE/3rj2MsuSD3G7drozwCnJFhYfp1Cdsm8GJb9QaG
Request Sender: /, Token: $2y$12$9Gjn5jTe.9v4dZHi5uLmKu.XWVdKYUDdZ2TSwEJp8accoW.CsaFOe
Request Sender: /, Token: $2y$12$P7GKxcVStUh3HBxFS85pou6bM44kMO7H7HVXF30KgAPYWYLL7hUc2
Request Sender: /, Token: $2y$12$y.kt9Tgz5z4MPMyj2tmQpetd1uI5h63vERjhOkmiD3VtI3PkKhviu
Request Sender: /, Token: $2y$12$EPvQ3q7WiosZVBZwvl9uu.dQmFMzUNIfITYCfE66aO5utlSu9JwrW
Request Sender: /, Token: $2y$12$8Ho8poml4JjmealBgMU2BOKpRT/41nsfXKJfNyFUbWV8I/Br2XljS
Request Sender: /, Token: $2y$12$u1m8yyWPl1GYkujo8Jkxgelh8rk/7uJhjweOUik0CsLrV9X/dQONq
Request Sender: /, Token: $2y$12$oYSwDi2H3FfOaizsLdHHdeHpFeqpbaiCndey/UV4zIugVAlpnV9k.
Request Sender: /, Token: $2y$12$lu116V3bqVdxvCeqXeIlPO0Sda9ymrtNE6MIS1bD24A.Xn0d6HWGy
Request Sender: /, Token: $2y$12$W2iySpG/T672SC62BPuWgO6cQDZ.u5NQX3fOc.ucesnvxSeW6p50a
Request Sender: /, Token: $2y$12$eQxNHMG654cKbeMB6vNJZe.DodEDk4TXtFNgzgwW8k0fvlClfHYBu
Request Sender: /, Token: $2y$12$AOOV8zsoLPr7nO116ibDKO29CmKzBuJ8wuuqy.Ibq2O4yC70EX9Ly
Request Sender: /, Token: $2y$12$1ejXNhb3wKmianPr/ZqpCOW9Zj6sLIGopfu0dtLE1xMbjnh4.D01m
Request Sender: /, Token: $2y$12$WWi6kGuSET2aTEQkqcRMK.X8lxk445sbGzijS7lHSGWovvWLeBi0y
Request Sender: /, Token: $2y$12$poo7kRKKWiRwiXK7rzWJMuEH86BPucUxlGdCt4Y6RUgbPpMhSNwou
Request Sender: /, Token: $2y$12$tj.uiAHJ57kSUh/wRlq4nubXWeiUJNF.h/tofB25pwid0i/wzMSCu
Request Sender: /, Token: $2y$12$5uIzLHObyAaF3vqgEoiSBOqPDzQ49g8t.s5QrNdRe5Eylyp7XuOWa
Request Sender: /, Token: $2y$12$f6y/3oILtgV4lDoTXYDH2.jJM/ttTRkn7.3gEmisojDNwbKGiC4Za
Request Sender: /, Token: $2y$12$HSqtkLUuQldgV/1JfoYYX..bNkFEwydB3cMMQXovMC2wAXQuGHYdO
Request Sender: /, Token: $2y$12$HnqDL1YZmmosrl.R6ZMBHuw8HlTGYtDZY1aMxKP51USDSymLz.Zm2
Request Sender: /, Token: $2y$12$iGQAZfNjGQMTBDWJRL1bo.Vufvk2zbK0Wp.DL1WYR/rDIVA6dLSJy
Request Sender: /, Token: $2y$12$T8js9pINy8bQKXMLO/cbd.R.AcZpC7fbA4OMNerlGY70WkH4.W3nm
Request Sender: /, Token: $2y$12$bELiJlcNF2.p2szIbg5xpeMivm.OeBQlnYpiGS1ZoEw5b/UQgULXG
Request Sender: /, Token: $2y$12$6J3vWLZu6YbKi5VM49mG7.GVomAeBjfnRTW.zZHW8NZXY/bnoEmae
Request Sender: /, Token: $2y$12$c/ELSp/lEDQ8bV4rgowI/.qAG5tKNK5NQpKgNs7IsduPGo3njs67.
Request Sender: /, Token: $2y$12$aJ/yaWlwDwuxhIV1K7wNr.du77PJK80wbOxbFm.LAFqEgpkpoWa7W
Request Sender: /, Token: $2y$12$O3rmweP2Ege0W4/B8WMkhOOP06c10TDaBE//zou3kEjPZkcIGScku
Request Sender: /, Token: $2y$12$nW01HvLty2K/vXNeRk06ROT6Wdd2ZN9n.hboufMUWnlk2Sl0QMtRO
Request Sender: /, Token: $2y$12$UYOebh7oJN5yZy.VsMCO/e.ZOT.5TtQi65TVDy1hlgNGTeVVtTGSa
Request Sender: /, Token: $2y$12$1CyGyW2kEQHWoW7xL/ZybOZ2XErF2BzCt095M8qghdYwycQuP0HrK
Request Sender: /, Token: $2y$12$LD7.DknZaWRDfzUiJauIEemzBfqt6IcttOOeVH2/vDoHW5CRnCrlW
Request Sender: /, Token: $2y$12$kjgKWFVg31wmJC6YjH1YEO5cIARsxj3NNVyV4T7EMlRIdIl05SiLK
Request Sender: /, Token: $2y$12$WCEZM3dE.ilovdghaGHSbOJMeXK3XMdI6gxt0Y6ALM.I49i1G2q7y
Request Sender: /, Token: $2y$12$SSicXsQ2k83upp53s2miJeUDy99nkLSkhzXSHbtXpZ6UZbVx8YDBG
Request Sender: /, Token: $2y$12$mxGOhtW86O0kJCLoKjy/NODvFY1auku4S5dteGvlIxpi3gX3k.jKm
Request Sender: /, Token: $2y$12$GqqpDUij6AxMZiB3gFuLvuuCIGfwSiA.4879DwLrTBWQDnVctxut2
Request Sender: /, Token: $2y$12$F82LDRKMpcNZ7LeBOgCfHe/o2E32qMXP2leza83XOSAR9Q/TNlSIO
Request Sender: /, Token: $2y$12$f7LYnSAkqEm.gGPpY4xuweRUXiskKS.nEEERWv1y4ms17q8LkhRHO
Request Sender: /, Token: $2y$12$hQXZnjlUpqGPsuOJYLznL.Pi714wIDTqcq1W9l5nl8hDEUu73TBqC
Request Sender: /, Token: $2y$12$hWzS7Vyzx3Hr/i8hcYuKie1r30HLV8.nSj4yOcpSOEYEDnslccQGq
Request Sender: /, Token: $2y$12$EnvUtjB//0EiGSmE6LR.pezU2iObW2HsfVPJ6lGXWf7219dxxaHIK
Request Sender: /, Token: $2y$12$aoCTci.PwY/vPGZ43ZYODuI0gDz0bipSPiJeeQ0f3WdAIgEXZpOPG
Request Sender: /, Token: $2y$12$vJGsfc8K4kwBSlFJtUbGh.GrVJp98bIWrUgEBQF24fbZUfHl7vZei
Request Sender: /, Token: $2y$12$3CrN77s5ELzqHLkQRmkaX.emTVUOR6eICyaxxIk2BLEDuvS7M9Uxq
Request Sender: /, Token: $2y$12$7065epQPcGyQEJLI/QknRuvXtwdMtUJJPFnSA54ICbXe2y5NF0lku
Request Sender: /, Token: $2y$12$OLPEJ4dMpgRSrlM./ILtX.N/XpiY7ixoG3CLPpASs2S/hfiKxnK.u
Request Sender: /, Token: $2y$12$yWxqhBRzPdClwUTX70enluc.1eDnPCNDh/Y.eRS4n0zURAjZ/5PdG
Request Sender: /, Token: $2y$12$cDD3uGxkAa3w.k0rnn9k6OWoc0WG3t7OCALNIhq4vJwUUWapfTU6i
Request Sender: /, Token: $2y$12$Vu.bhzgbamSbFN/Vpp.hf.GsH/wM1FDT3R2xWiFF3JC7nxmRz6z3.
Request Sender: /, Token: $2y$12$19dJlgsb30wM.b2izSSs/.WdI4ot.i2kxvR8z6Nic6J2G2BkvwTYS
Request Sender: /, Token: $2y$12$24OOf5pE13PhiFzy5G0FmONOZdueuu3a6L3NuOQhLZ7fF4v/Aw3.a
Request Sender: /userman, Token: $2y$12$NLH9kNEjO46WOuOw24G/JORpS5SXTc5IT/bbAhndGpm.NF4n.Gcjq
Request Sender: /usermanager, Token: $2y$12$Om9rgNYtOYY3IRTjobln5u3qE4xU03r2F8Glq55bczM4t/TUB4s3a
Request Sender: /userman, Token: $2y$12$a50emWq3h2VlEawlkAJGZ.INY5D.kDykVcmcx3kYA2Xy0AgK5tUYG
Request Sender: /usermanager, Token: $2y$12$NkeTMqszhnzb1qaO5SGfxeAeav5FvYvWAo2tLmGLU4xbheTDl338q
Request Sender: /userman, Token: $2y$12$0yJr./u5eTsSqJU3EWNBwODM1G3IS9yPDgNMVmKC7RdGi/5RX//XK
Request Sender: /usermanager, Token: $2y$12$USCu3vEAycDugbbmpp55mu5oKAipqTi9U6zrOZ7luAZ7X9hD3Je2e
Request Sender: /userman, Token: $2y$12$vwsnuYahvamK0vbtysjOHeWVPjAbPp7EEhM324wiRTcwK6t2jq61O
Request Sender: /usermanager, Token: $2y$12$UXV132UgJd5tPkR0ij2/1u58HfaWEwSTYxocuLXTjbsN/I.pvs9oq
Request Sender: /userman, Token: $2y$12$FRCpBOxGmrNRkksIoXxNfOAAeIvouhcCw4HYWMO8Gzu8hFQQGoYFq
Request Sender: /usermanager, Token: $2y$12$hUWMjlZIuI5WYJxFGf7FSORIAmeFwrfnPh4ZK6jThXIgmOZz615CW
Request Sender: /userman, Token: $2y$12$EnLTATh6nj8CqGD/.abrIuIyFRXTBBaSXS.V/yTBzGKAGLSl80Xfq
Request Sender: /usermanager, Token: $2y$12$4DPi7fUgO3lMpB95waxuwuBRV3WhiV.Xdh8MtokMJAmG1xOKWFk8y
Request Sender: /userman, Token: $2y$12$aCFqKIRNYjBRDCz/1SVuqeJnixuHprztnXcyz.zYu6YC2pNWvPmrW
Request Sender: /usermanager, Token: $2y$12$ae9yQzhNi4ADMyT3H6sskO60hOQ2grCTQXIraXnT/Lvmwcs26DHta
Request Sender: /userman, Token: $2y$12$Z2YYqRS4NjeXQwvpuxri2uO4n62NDDLu8OdLSXAPQLwQ9MO6j2DZq
Request Sender: /usermanager, Token: $2y$12$YMC8MQJ1lS3q47tyf3JILOqA0xRWzCHud3k7lGND/L9PcbHTapWqG
Request Sender: /userman, Token: $2y$12$xh1kt8rHCCXe7OE/9BtwY.EoAs0QxhVCw92NBwOkX58Fuy0lgnzMe
Request Sender: /usermanager, Token: $2y$12$1mycLT6WWfrnY1L3W1fkyOxJuXkYDXu32lXNe9/D325Po0ImMXIte
Request Sender: /, Token: $2y$12$79cDDL2N88mxQr5MuTo01OsVSi2TKp..8CBocF0c3OeYFS13BchV6
Request Sender: /userman, Token: $2y$12$DUubsDTB2xxNLv4Z2OOgaOvAAjHkzi4A76xnV7vAfuJuoktmAdreS
Request Sender: /usermanager, Token: $2y$12$74KaOYvcox4ioQARK3Ho9eR4dCmj3YxsThYREwqfNz1e4ePBEfozW
Request Sender: /, Token: $2y$12$oyfpakvok4fg2IiATmT6EOa31R/uhEqbuoM8Kd8Mx/xfVbpDNteB6
Request Sender: /, Token: $2y$12$8M9I8zR2QeoutVTRBt71uuAv1CF.SgX5r6KN/Hw.pmffz9nk1KlmC
Request Sender: /, Token: $2y$12$p1XCV/mrLO5hw2PbDbxU7u4T1fe1c0VA0YcLUxIjtr5sVDaUyfB/.
Request Sender: /userman, Token: $2y$12$meGPGp5EdymbRuxNOyxmA.omGh4apnJry.bJgpKBQ4R/l6lhyWYoO
Request Sender: /usermanager, Token: $2y$12$homF7EfUmCh1h04.iRfnd.DDA/0e4.x5ACAI39xhfH6.wLHxpnDTO
Request Sender: /userman, Token: $2y$12$EnBSw4TIZp.5scvAl7fpNeqJb2afWN6vUlqj5caTqwZswkHffgP8.
Request Sender: /usermanager, Token: $2y$12$2J0ESvvQIwmTgWm/q2mZAewHgKFg/S.X5XNbPn0ICGab6SyPFUPqu
Request Sender: /userman, Token: $2y$12$8ahSEINmBp/aDb4t4gMu3.VG3IyCS9a0mO9w1ZymWpIah1UYg6z.6
Request Sender: /usermanager, Token: $2y$12$Tk9uVkd953krTA9Z3duvUOLfTQ0w3BnpqIGKiYlwwmeGEIw8ch5nS
Request Sender: /userman, Token: $2y$12$FPnMpw2lMmDH/1TlO5bHQOnIoppwxaG2fSaRNpyCKIWm27CK1cLUK
Request Sender: /usermanager, Token: $2y$12$PRrL.e6NHNg1V9Ofck2rEOTCSIRGFUi9aRDTE4BeSKoLImHN02cIW
Request Sender: /userman, Token: $2y$12$HZALFc4GyOVLwSkRPbuL6uyaICgXR2AV38OytmicWZHFH6pkwX83m
Request Sender: /usermanager, Token: $2y$12$Zdalxt0IPdvZ.WnW7DJnbup/NAuIteaki4NqMzYwcPyoilXN5sdVm
Request Sender: /userman, Token: $2y$12$2M3P.o7C8iBuxK35wBNOJuQPR7HwUHfpmTJ0nsA2ZE0gL/h7AqC02
Request Sender: /usermanager, Token: $2y$12$0gssIoUzq7shy0l8S0mrq.nFJcSqurvZkCPVJ2.qZxVtON8zx4pyu
Request Sender: /userman, Token: $2y$12$mftINpG3zvMrNN0ZUt2aZOTqyl/G1yprIEGVciT1GvH/.OpumQ.eO
Request Sender: /usermanager, Token: $2y$12$aHPqEX4hVkhnb.EYpnzHqeXwkTnxmRj9wIjr4mSk/zD/EYh9SpUNm
Request Sender: /userman, Token: $2y$12$2aeUy8oCmLte1Ow4XB05eu4n4fus9STWLdYavG7V1Vg0xPTtJ0rly
Request Sender: /userman, Token: $2y$12$oAwbCWvpEZjl4XW4tdMUqeWznF2rr/DH9SCNRF7rVQdPO/dbYx1na
Request Sender: /userman, Token: $2y$12$iQGZq2dXXAzFeGGCbRWbVOnyQ7gcTccqDDsWKLDz.Xvuqz1khdhoC
Request Sender: /userman, Token: $2y$12$fIYKAW8Oemeny8vY8dhP6uhLBAif4AGvjR08LItvNFHstn.xUlChm
Request Sender: /userman, Token: $2y$12$r.rlmzSiMFaN3IEfbfdAcOglzo7OnIUCf9kxcAEeTCvimdFxQJ8wS
Request Sender: /usermanager, Token: $2y$12$0kx1rTPk.T48bFeHT2l7zegHYanA8.Ky/LtaL/QScYEB2Wzy4T0Yu
Request Sender: /userman, Token: $2y$12$lmzSygbQcHvZQ2Vf14AOe.1dV.cygbmOqD5jii/Fk8MuJEzlRD/qm
Request Sender: /usermanager, Token: $2y$12$.GPrge0DV0FArFwtbq1EJe3pot9CLVpF2OD8D7mEOZrnnfB7.vkeK
Request Sender: /userman, Token: $2y$12$u/zQ/6q8jeM.Eeh2Wx2aVOmDIaMoCUaFD3azoEd78i3j8k5h0j23W
Request Sender: /usermanager, Token: $2y$12$IhWP4vR6rVf9O245U4y.fuLn3e2Pi0aKGsPzARaGohBUnTmzB1o7a
Request Sender: /userman, Token: $2y$12$YIrJGGgnqJHxuQ.U.CINvOGsPOfI68CPLaLtvxfgg5gIDB10kfmwy
Request Sender: /usermanager, Token: $2y$12$ansR8BwwH16F1Sx9NuST6umq2XYecPb7yDJzQTGuhrJbkGW4No2q.
Request Sender: /userman, Token: $2y$12$0D3H/xEm1N1UqGFEmiiX6.wZ3zVXdmJUPVzea15CbDAeWvj54/tHa
Request Sender: /usermanager, Token: $2y$12$9AkHF9c8KiZKuREpDuHtFOX3aosC3YcKUPzhlpr2hzXSsCeKyj7PG
Request Sender: /userman, Token: $2y$12$zsrmC7MHMEs2Umo0iBa5lug60wH9HJHsgFxCjLfx1k1WREZc/MTv6
Request Sender: /userman, Token: $2y$12$wkuq4mWcsHoVEzfGSCCcKeqPN8X9stCY3SY2UkcWSjS55jMSUg61i
Request Sender: /usermanager, Token: $2y$12$dGtTVtL4pyO6bW0EPJzWp.b1Va1oEVBVdOumGwQFaxfMarsE0B5x6
Request Sender: /userman, Token: $2y$12$8txlwfRCK4oghN4FS75/3eBJgcAFa2H6jVRCFODkxZLVHHbOsQiuW
Request Sender: /usermanager, Token: $2y$12$1blVWtckpjRkT.IkoWIYO.p18Q7pkwjC2cPVYOsnAzjkFoubbvZPe
Request Sender: /userman, Token: $2y$12$3SrKvGq.ZCpdqnO1LAu/geTloc.fYbeR.6Up8RjVd/iSnQEqsbdGC
Request Sender: /usermanager, Token: $2y$12$hd7A50AlZmt6zifGI2QHYufYeA6Xc/0h.ia/03Abbk.4SbHOR3rZO
Request Sender: /userman, Token: $2y$12$gtw6xBXtEoHxvcm7PmOuiO5nuhYUbDO7C.CORXTYKrkQn8VO7Ydlu
Request Sender: /userman, Token: $2y$12$3WTjg4PmvXKXX9d7SCS2tucSbvYYjyVe7A0OQc2og689a4Izm5IAa
Request Sender: /usermanager, Token: $2y$12$gwQRfgAp6ImmCO22xWMgH.8Z1KcvaOWtULYblvUknzWoCIh2CjcxK
Request Sender: /userman, Token: $2y$12$FRz1PkPrpg0BEnWvjul5YOXeArjbAnX155fFmRdNfyOyugGVLtCpC
Request Sender: /usermanager, Token: $2y$12$CQ2DUqZdEQZeMuOpeVQ4X.PLSz38VY58GKDiNsFsGlju5DytnOTpi
Request Sender: /userman, Token: $2y$12$b1B055pALooAsRul22BG/Oni2/XErPypJmpeUGbZNYXTVcdBVe6ia
Request Sender: /usermanager, Token: $2y$12$mlPsIYGnPnvRs0fJ.8qIZesuO2eUW7Ua3m77Sr/xFUxg6DSk0Uxkq
Request Sender: /userman, Token: $2y$12$08gLr8p2.F6NLIBCWWakiek1JTexm3ZH6C.e87rdI6ewOgl5pfiIa
Request Sender: /usermanager, Token: $2y$12$CHPLzcWCEUFi.YRLYZALCeBFjHDvxV0eOaLmZ1hbTQIeJ3Zpq9Fly
Request Sender: /userman, Token: $2y$12$YDKqf5fZrsyXe.GvteU3Fepso9ZaS7HLLeB6meinh/mfGU072OF9a
Request Sender: /usermanager, Token: $2y$12$LiXRLeogYv0KUefZyqb9nesk0Y3fg0XzRm/pzCkxUFBJvB9mn2CdO
Request Sender: /userman, Token: $2y$12$tApXdwlPeFheIanOSD1gDOkhI9DV1QQbAZucBjG8YvYik6PxyVdKa
Request Sender: /usermanager, Token: $2y$12$BVfB/YAELJjxXiddrWHrGepciKcvgidoEGG4hHX2NcFOIP8cIHIdu
Request Sender: /userman, Token: $2y$12$k2papmpg21SfMnBra./6uuL4ivjfeFMEpD6cXDLl1vBTAzGJDT3IK
Request Sender: /usermanager, Token: $2y$12$rI6.wLul7dMUDQH09SJjHu3.z96zPVrJxogrcSR6RGioYpA.4u/NK
Request Sender: /userman, Token: $2y$12$THZI4D6sFBkP3iS8kyLs1ungjUudf7NBzL4wXn0LuucNfRWlH8RCO
Request Sender: /usermanager, Token: $2y$12$h1mIZlJjg/zSDXTS/mMd4.WOfCaxd9gcdRp2G5Fb3ORr8HSAVE0yy
Request Sender: /userman, Token: $2y$12$F1BNmZ.2Hq9EkbHEWPsfSeIYqBvM5TuudlsdqvvZ3mojJib0Orjcm
Request Sender: /usermanager, Token: $2y$12$SPAd0iV0KqItN3wRlfjTXODaxUMykRa1.vmXzJb./hBnlxZhk.eh6
Request Sender: /userman, Token: $2y$12$PLNUdbEKGBt3/.jG5KCGs.IpRLa0sUIKo14yQ3I9jUyBWhxz6cN5.
Request Sender: /usermanager, Token: $2y$12$bSVTqe7EctRhjPdgHcYIOe9YJRVs3nlGVz1t8DPQ0L5qBTKC3YGRa
Request Sender: /userman, Token: $2y$12$XuqNI.UxhXqT1fevnbaV8.AqWFFYYRbB5dil8nZc/60VvgQHlaMSq
Request Sender: /usermanager, Token: $2y$12$2dqyNx6WfUoCkMEOjEE03uePdr7juBYwU3yJzJgwdBn5vm9eKNa0.
Request Sender: /userman, Token: $2y$12$a5nGfX/xt1OmU0IB9nbjB.3WIBvSh/WU8oLiJe/QDWKxFJO1TnQUK
Request Sender: /usermanager, Token: $2y$12$ZuIk92q.BXnJv1c6GUtRWOQ.9ZUlFShb7wGZTm.a6V/Tpk1TxJqSy
Request Sender: /userman, Token: $2y$12$cRbDXOOi5rP63ncu5HIZHOqXGuoVIvd1AS2ha9QYcF5BkbthBJRKq
Request Sender: /usermanager, Token: $2y$12$ucrqxaDg9OpZwjTjMRPNYugFq4ER7wm.Gx7E5Z/KXR6ddVM314UIi
Request Sender: /userman, Token: $2y$12$8heEmzYQEmH82ZdRqODuDuMYoubd62q75otAYET4fxxyH4sdNGRjW
Request Sender: /usermanager, Token: $2y$12$9R3affhP.jzISeGAufxGJuhukO/6AgkAgd3S8C5drf6vXsApzPAnG
Request Sender: /userman, Token: $2y$12$fwjCQ9tgWHgMPBz6bH2aVOV5iLqYhL7WmtMwLlnT6dYsiyjqNOZLi
Request Sender: /usermanager, Token: $2y$12$LGr5xP5JuQYINMPqshCkcuHNILbKUplTCMhFFjRgx3ah30.b5HvGe
Request Sender: /userman, Token: $2y$12$rdtkwSP5K5YxNZdLKSH31e5A4JIzxpK3Km4muAWj2Q6t0RJvvWt82
Request Sender: /usermanager, Token: $2y$12$vDjm/AyTTKv8LNknA9LvxeMExehNFNEgqZoEOkzo9g.p03JZPXhDm
Request Sender: /userman, Token: $2y$12$MFD1c6QKUtoPUT1bxNa1u.GpTp5QFbOTxU0oID4ZLwNEoayAFmMBu
Request Sender: /usermanager, Token: $2y$12$8tbsV7SAPGAmeT/7pptZauc8IoflZJVxgGL7rI0LjnN.hACRcbJ8K
Request Sender: /usermanager, Token: $2y$12$Ov2ft70pjFrrPC1r7rgKg.7dKjpPbsIiQU4wHsXWjE8d14VIyl0Te
Request Sender: /userman, Token: $2y$12$tXqiR5uYe.9gR31knT/YaOWsjN8HJm7zVLPc05A4M5J5qnRnzgpsK
Request Sender: /usermanager, Token: $2y$12$5.HPMELGUw9dIZUxXOKmyeEM3yS7bZUQ4.OkApCEkS9yCFeGVTDVy
Request Sender: /usermanager, Token: $2y$12$2drpuDfhWjZM4TgZQtdvtuxzE4ix3ciym1f4wrETX/lQOrb8Hqave
Request Sender: /userman, Token: $2y$12$zmYycONqcB9eQtBucFWOBeGVFhMvWmk0D.MpMTxtm5tpTSS3ywN82
Request Sender: /usermanager, Token: $2y$12$IhqjlHmn9/F5ajDCO5YC2ubrCROHwgIvaoOL2Qiispoy8vxcrVbom
Request Sender: /, Token: $2y$12$EjpzkRWDTTPf2uBjfLjCKOLrNgnvD1lIbxCoeB/DVSTltAhYDBlQq
Request Sender: /usermanager, Token: $2y$12$9/8/fM4IDnl4VYlK/SUGEesIlIXQl3U7naeL1iQALEHd8LXD.WTPy
Request Sender: /usermanager, Token: $2y$12$XgtOQ.bowIb/BuwxU/8mVexP0tILpfsSJqMFmg1aQ1cDBc9hzfNfe
Request Sender: /userman, Token: $2y$12$yhgjKrirr2hA9Qjtq3CO9uHVktEFIPxWmo/u2nynu943bQBnRxuBS
Request Sender: /usermanager, Token: $2y$12$22JqkHr1nYdFCY4SmL8bWuSU/aVQaOlMkzftxI3anvluTJKWVvgum
Request Sender: /usermanager, Token: $2y$12$mcMnGbV4D14fc1j9nDTsSO4jxXO7ZOH3qrszrDW89z7G63u12tH7i
Request Sender: /usermanager, Token: $2y$12$Yv1ffhGyFXpYVjayPbEwBuig1g8R.M.qQ9VRoA93cX8mx97Bd2fky
Request Sender: /usermanager, Token: $2y$12$krHy399rlgG2IsWTdCw6YO9eV6r5WuyuE5KNJEz1J5chHM6caqhLK
Request Sender: /usermanager, Token: $2y$12$Il0rvkiFnWBwj3fq6nxMuever8Nju5JDovk6rACnFCa65MZTfy4SK
Request Sender: /usermanager, Token: $2y$12$d0cPyLgL7alfPtR4CF4tteXK.94T9Q5RU52Xlf4WHNf0UxFOXw6yy
Request Sender: /, Token: $2y$12$3GmHkmyIP.gDBj114UCCA.Cq67CNxMUeSUoh7ET3ShtosoX2F4goG
Request Sender: /userman, Token: $2y$12$tjdbhi5TqU1bWDwuuJjoLOICTb4HGF2FKb.Y94vZNKrsHEzwoOTWq
Request Sender: /usermanager, Token: $2y$12$pFpvDosrY7QLSOlqxiFabe/34VzvScJB3D0cNENlB1QGfJCWWqUqy
Request Sender: /userman, Token: $2y$12$IXyDF22g9S33JUuDpWgazOGfEEub.OAIsXgfAFDZOZ0DZTouSlOLq
Request Sender: /usermanager, Token: $2y$12$q9mW6PkD58BFz/1o75SbNekyVdSv3sC/ULqwdao24sruAXS9UmYWm
Request Sender: /usermanager, Token: $2y$12$S9mAhZ8uSWexomg.uXuHZeP6QxuXgAYFtSl0HRWZlK9JaUO4/351W
Request Sender: /usermanager, Token: $2y$12$Guk8FYSeBnB6lXKLeWPwfOkuKCZIdIRfd0mq51lB4KTnbsKHVuwXm
Request Sender: /usermanager, Token: $2y$12$M80BsZWYiAvnjuA2BNH.VOlP8GzT61yOehOZH2ylit2Z6KdoClkD.
Request Sender: /, Token: $2y$12$0zrMJI58PDNdV4cF1mmEZehoYSeWBp8QeOZtvbE0cJG/NtCruCvcG
Request Sender: /userman, Token: $2y$12$SFm/VNRw/zn.pcxVFbhcmeYXpUzBKo8jdbiuTetIPWeHt4tJprTVS
Request Sender: /, Token: $2y$12$p/jsIX7.bbQQlMNHGdh6xu3Pi619zTUnoSjOF4kxwF5zSjt42KHg2
Request Sender: /userman, Token: $2y$12$A3.4fZl.K8oHyMnq04sb9eeMYCVMJ0R/0AhitQn8LGbFLBM/EeJ1e
Request Sender: /, Token: $2y$12$JU4OhAre9xhJbBxUe97hR.GRi9daW5yWy3uE3pIx3A1MTJFR3cKmW
Request Sender: /userman, Token: $2y$12$m3nXqnyEv42fFM.OZYanuuBfbLH661ko.yadgKRrQuXT4r6COYjIS
Request Sender: /, Token: $2y$12$31jj9HiDKUCmzpCCoz47MeIToWeru6WC5uGpNPdcboZdAvHZojfrC
Request Sender: /userman, Token: $2y$12$IBPr1lClc6d2tbt7Nu7g5.HS52zZIRYtqPWZDu8knwS4AGr3/mAoK
Request Sender: /, Token: $2y$12$fcReKh0J9.XnyOyOmH/HO.JJIZBf7QFcHM.HVsrWzrcTV6UGdhkf.
Request Sender: /, Token: $2y$12$Vy98QgnsCdWPd9hAduzCQ.LOhr83DpIoDAgh.sfm9sxu1prZ70Pnu
Request Sender: /, Token: $2y$12$IRq4e0l.BFxcLtZMKpau0ua0irPByCEu2pDv/00KNlY481CxTwiUe
Request Sender: /userman, Token: $2y$12$TJ/KyBvh.nMxcTLVXcsqMuQRpZh4TiMFIOynT2/PIq7zu5Zq67dhO
Request Sender: /, Token: $2y$12$n456eCK9EjrKOl25qtsU/O6DxGIUjn1W1eczelfVUZHneOp5G2Xvy
Request Sender: /, Token: $2y$12$fz4MLEiEqx9AVaeghY77qeFsDEYvF7OwuuiA8k6iweaiH2w/L0NoC
Request Sender: /usermanager, Token: $2y$12$pmGZQvLF6tr0lE65ZG22lejawyYoiNhb.7QgKIC6NC1U55FTT12V.
Request Sender: /, Token: $2y$12$KZYP.RGNkGpTJ3rKE2r51.OtbK0OOtGWqpeA3tA/JzittLIfQO2Le
Request Sender: /userman, Token: $2y$12$DgjA06U1A0TpsIrI7FgzxeC/YB9z3p7Enm1k4bWtYF1BJH6/C369i
Request Sender: /, Token: $2y$12$8SU5UTdwtPVTpkOvjyxsHuKofh59T7hK7qp/8eajZhs9iOkwjq4pC
Request Sender: /userman, Token: $2y$12$NzvWuKtIuNjxtzgpTuTLFuN10zW0yB6M780rpoxCn6m4jAYbfrU7e
Request Sender: /usermanager, Token: $2y$12$HfVyO/RNiH3Rg2Fc/eWM5.l1CilLmUN4dZKHG2g/wtMctlWPBSH1C
Request Sender: /usermanager, Token: $2y$12$qg//7KjhhMEmfWrYr.gZMeCMGNNK7uxwAW8ktA3J9o0A.Pl/Tiw66
Request Sender: /usermanager, Token: $2y$12$6UVqhw87bektZ8QGMYlV4OPUnxRhFwFTwxQ1YwH17o46xPI4uASim
Request Sender: /usermanager, Token: $2y$12$TLc7mE5IjmMAL/0zPo0fNewhzHh9dXiyVhsEbwBblI7L9.rBNlmWa
Request Sender: /usermanager, Token: $2y$12$eDzbbXNsFmFlMuXNNbQOZ.XRdgLYkyG5G4.6nwLVLN1jmmHJV7DuG
Request Sender: /usermanager, Token: $2y$12$7WdG.E3jW73/FRpJzkVjaOSe2NDsz8nu7lVXUEXprphiTMM3ErVdu
Request Sender: /usermanager, Token: $2y$12$H/GPq.cI0j76Di0bhaPrsOuKVpK7DgBay7JaITdlUp92JIqr5zBri
Request Sender: /usermanager, Token: $2y$12$i.hVSou/ZHhmIFH1.ZB8j.iyCDcIns152frpbqjWmjABfBNspuiC6
Request Sender: /usermanager, Token: $2y$12$onjeGvTIN6Bf3zM.6F0rIO6af7qGrWugSAZRKTylkdgG34a9YLcEC
Request Sender: /usermanager, Token: $2y$12$5QF54w0olu.44bldw2.TBucj9ekg3t.7G75Fb7xKqvn/ewg41dwf6
Request Sender: /usermanager, Token: $2y$12$s7VhP7TTAw0XR.2RiC5pg.ydhXclVETcs7c8ynZyIYjqnBSGQn3Rm
Request Sender: /usermanager, Token: $2y$12$5AIOBh4euEOZVBTbTWxP5.RBLpoUMEms5sAzVTbnjQ5CP17TlPrBe
Request Sender: /usermanager, Token: $2y$12$OkQmebuA0wm4psIGvNLv9uSx2KKHnnAxJkE4zzbYbOUxCqJMYvw0W
Request Sender: /usermanager, Token: $2y$12$ZbCUerDYDLg98rLdKnDakeEsYHJKWLHapQfoqyUSUnhQ7QbhHk70.
Request Sender: /usermanager, Token: $2y$12$HGjFV9YQe112jCb7hYoGh.DcAGy/w5zmzdWuJCrDZeSALUcSNY7um
Request Sender: /usermanager, Token: $2y$12$xxrXky0eZJc6dt1WCg/hcumspjYwVBNjyQABmUEKCCrozvFw2JNYm
Request Sender: /usermanager, Token: $2y$12$F6/1tiSAghQE7AgyRhtljuYRAkPLz30t.Vf2SJ8dlskTWNsD5wn7G
Request Sender: /userman, Token: $2y$12$u0YKIB3D1PmkT6dgb5rC9ui5tg545rUprzCXFtAjs9NW/pffF4rLS
Request Sender: /usermanager, Token: $2y$12$lWTLVDczAYOCdUODZ/8Pre8PDCfK4h3HiP.yGdziXyhFVlewu55l6
Request Sender: /userman, Token: $2y$12$uipFFu/Pca.i82NdkLy45e4pbazOcYwaEP5buMjCYlEU9PL34riIK
Request Sender: /usermanager, Token: $2y$12$QKa1lER7ji9ZqQrcDBOBtOoEGKB8EndUkpcFb2aEO9qGcuYYwYFnm
Request Sender: /usermanager, Token: $2y$12$zHvMD51Bbgj5PV6nYb61U.SvNqIU.AQkmZvjEr.3b50d50K5bSNMC
Request Sender: /usermanager, Token: $2y$12$fAnNZfX4W/tHF4ZIb2h1kOUgQCmC03D7g6OtwA2kD/1U8CYOl9jRK
Request Sender: /usermanager, Token: $2y$12$9pDflOVuYWNDkF6MbgsvG.WuX3yoKCtpM7N.9NsRYt8OW0kyB1Mk6
Request Sender: /usermanager, Token: $2y$12$h1Il3Cd/i4Zb8I8r7p59V.pMCCRbc7zmlIOtp/Mx869BG9aVzhB.a
Request Sender: /usermanager, Token: $2y$12$aKL9SrTh0WIKWFwBWt998O22rOhyejLddS0HptnXxyjlDN.Zk9oTy
Request Sender: /usermanager, Token: $2y$12$g07q9IzyxSqe1sz.qTu/wegAOQ3v1TbI3JQrZpP1awQADNMf1DZwW
Request Sender: /usermanager, Token: $2y$12$mYsvMZKhIK5eZYoa.wWFne42IxHWRNC2.b8IRqH9wd2hT5HLYzxKG
Request Sender: /usermanager, Token: $2y$12$89dnQaxnQbe/deG3R8.SW.QWPiU93Nh8ogCN8xRUfF34hIO.bDz1m
Request Sender: /usermanager, Token: $2y$12$hR56SzVTEjRswpffQq6VDueBBANdp4px9OMwhGvDhb.AE2hSXQS9a
Request Sender: /usermanager, Token: $2y$12$4gMM3ojHWpL2iQKnMlEnC.Wx4klu2YTz19CmtqRbgNqohm9SAnglq
Request Sender: /userman, Token: $2y$12$8NA6eSLz5Li6/PqgAD.M9uSvi5kKPkx.W5pihEN8MX9/.Rb998NT6
Request Sender: /userman, Token: $2y$12$XV./X6EpFlkEdZ.1guLq3.RoBEnKIk3CD29ZTrC1EU7x/6mlsMJLG
Request Sender: /userman, Token: $2y$12$Ngtaol7Hd1xlLlUvBM9A1O1yTfqOvHYj/vCRSLJxWiyZZJ.6D3HUa
Request Sender: /, Token: $2y$12$Qrq0hUSHwTDQTsFv8XXmL.1ga9u.KcKPk6cG.sIBZpxlw86va7X4.
Request Sender: /userman, Token: $2y$12$OE2p2BIjg9Z3Z24Wq9JZeulSLymMqj3vvN5K8g0c.RLND9iWMafw.
Request Sender: /, Token: $2y$12$s2mw3WsHHSmL9exREVLeAOCbA/XUOxs4yy8KCIZy9.avPnmHlSXgu
Request Sender: /userman, Token: $2y$12$pRFhLwkCK8IRkwMF2Tp/teG2J.FdI5KAIMbjcWC4Ljk1Q7b8L9Rfq
Request Sender: /, Token: $2y$12$c7bMp7Qi3CPaKDEBtMK4ceVaE1ez0vwrobSOHJmSeyaOtTuGt42OK
Request Sender: /userman, Token: $2y$12$8rNEZJay31OTkw6LGnLAZexwvhlnWwq05SwzODJukkniHbpqFReSW
Request Sender: /, Token: $2y$12$6BybAxHmv4py73ren1DrMuKF2qbqLRqXIIVKa4cjfpEpa/CAspY2S
Request Sender: /userman, Token: $2y$12$S93LCIPbyZ8K0/ttlUWjTOWYcXGJR7SrSZxd0icNXtCgguyjLymvO
Request Sender: /, Token: $2y$12$DhL3yQqHCitPgZiGzIqtb.3u9kTUc9l/J3gtAhhl8BuODA6NxcOIK
Request Sender: /userman, Token: $2y$12$9R710i1b332mK8hbqUIkhexuRSuvWY1etxM4/.3ZKV7INfvTgquaC
Request Sender: /, Token: $2y$12$ihtTzYk5jEqVbF/FnETAkO8Uc.cCAYemgrnyvrHFADMUAJwBBp1he
Request Sender: /userman, Token: $2y$12$GCQDSp7R.VGXHqGWJDU65.OYb/4BbvoIMlZse1gmun092StyvgyRO
Request Sender: /, Token: $2y$12$6.BngHvEc9rlrhEUFKsFtuvqoItNCm.YoSZsjaTkw7.1/7W34De7W
Request Sender: /userman, Token: $2y$12$aOIKxWk4TEw7It5pBcvxvePiRaPWFJLCAlzOZyRjy9QuzYjELYKKW
Request Sender: /userman, Token: $2y$12$HIiuUhEkOPOngRIzx0v5/.LIuc757CIE1LnucMJxqMaPQyM3vnInq
Request Sender: /, Token: $2y$12$lHzwcs...mfiGEx.J3WzoeTq3nVkls3UPRI.kWVohTwtZrVbs6qpi
Request Sender: /, Token: $2y$12$Ux9Ob38/tWBn8Ue4rCPR9.D/dXEouz18EBD6suWzwaa73pYifu/yq
Request Sender: /userman, Token: $2y$12$jDgXU4jliYy9VqrW/v9//.YWObB40d8e.CKA313XqZxFvkSs3gTBe
Request Sender: /, Token: $2y$12$IyHnPM9eHbNswjvsLxk9Q.FLx5eSoQ1DWo2gOyIoOfDE46iihwhEe
Request Sender: /userman, Token: $2y$12$YMxHEj.faDsFnp7STDXM3un/kgj70i1zHIChLg8QXqC/skV.fj2.i
Request Sender: /userman, Token: $2y$12$BHSMwYM3oqvRYNcA3.Nwcuh60V3Oy0AessiAdR1WgPIO0.NhBBEWm
Request Sender: /, Token: $2y$12$k.B42EimIsFrIbDfV6B5AeObWfEfOcSulJjlFuPiorHj.aQOXoBKy
Request Sender: /userman, Token: $2y$12$cu4/S5pBRWrevkP.0dmlI.r4ohab6B/oxFtQqfLzRjHxlDfUG1Yre
Request Sender: /, Token: $2y$12$q5IYeQAlJk3hGTYqlNrxT.hGAgHVhmd2U0W5ZSBM9Q0xc18cdndnG
Request Sender: /userman, Token: $2y$12$cicuJ7Yow2E8AefXxJClpu8FerjI35VrfGlN19F76P0F1i9BgZXnu
Request Sender: /, Token: $2y$12$FiGwN1e3iPKuMaq8tJ99MuJ.VhqhlGo2fb4LAUWU.00GCiGcLmU9m
Request Sender: /userman, Token: $2y$12$wj880camMt9letCGFEKiw.bdr9jRPTUwncccHdh58VRL1hLuNM58a
Request Sender: /, Token: $2y$12$EqPL2J6ZEXUczwMTTQMjbOcCmEXNQO6UNrUigy.yjeV6HAn7YZkpq
Request Sender: /, Token: $2y$12$eEYffE1r54fOwzqNRrhpzeQaBzA.j1fC9buAjfszlqdI22IBYc.2O
Request Sender: /userman, Token: $2y$12$w.jlS4yDjVkhrb4qj0llzOrsPHI4kuZ7ik9d.VAkfhfj0l7toH8v2
Request Sender: /userman, Token: $2y$12$DgP/EfIcRhnESE7WXulBbOKGZrwYgIVlL0Nlkoy5V7AGSMsYvhTjG
Request Sender: /userman, Token: $2y$12$TfAL8FI.ssXL.f9SknOWj.c6MlwkCWgeJWRJo4zgfys2NSW9KKwM.
Request Sender: /userman, Token: $2y$12$iUnjPlulk7CE/UHP3uvJ2.y4D44Km0ONTnJBaobjHCGgSDz4BBFlu
Request Sender: /userman, Token: $2y$12$5prsgTa8npjFfYRtozEUbOv2I7koKMGHkAJiI99UANFHJjDIREU4S
Request Sender: /userman, Token: $2y$12$oLqb5nLDrbK65TEQlMn4f.e.SPQMx2bSrtjOIgpq7uGJLiBfLdLK6
Request Sender: /userman, Token: $2y$12$7jw4Eb00ZKau.eq57oCXD.Uo6vi3FlF2P7bub60mloZGr2fev6XBK
Request Sender: /userman, Token: $2y$12$pJ2a.4hk.c.nVPz.NPgR5O8Dua8K5KqJV.FKbFroNM8oyTbBAtacy
Request Sender: /userman, Token: $2y$12$uIoS7xkZJihX19XcMUydQOWJnwaBVlVKRcQxJbebus6d73XjWpcvS
Request Sender: /userman, Token: $2y$12$NGiR3Wmw/shBKC/1l5MGq.p2HRX4nObgmMaWAya8ZMn9lzBm8fpS6
Request Sender: /userman, Token: $2y$12$vPCvkWZ4nbq1WqUQrlaHPOhpXcqAW.YNo9k04uU5leS5u2wM5N/kC
Request Sender: /userman, Token: $2y$12$OurbIA2vfkhB.mYGr9wM2O2c8AizN9E77UGowc9EGOoP/Fu4Ve9cG
Request Sender: /userman, Token: $2y$12$5p8A6UndAZa3F4l6046O6OvVK9Zio/uq/IGVvy3W7.tZtaoLBKqyW
Request Sender: /userman, Token: $2y$12$a1IjcOm.sCi0B4skYYYCBOjECGfM5Fr1FUAQrEmm26eWBu589SxSS
Request Sender: /userman, Token: $2y$12$Uywi5uAoJlFEjiziP9s4CuzzY9eCK7dXGn8SWKgcgqBEu94TYkBlW
Request Sender: /userman, Token: $2y$12$kWyNWof/vwah9xpgFUG.5O046OzSB3DPfIzHqukBSHkcEfLzbVc.C
Request Sender: /userman, Token: $2y$12$tib.cCR5l2NAPHQ.O65yhu7879BYY3zL6tVeq0GRirYAmkFniDPg6
Request Sender: /userman, Token: $2y$12$OmNTbKvxC/hKsYY85Kn1vuV6dPzrLZLsvrp.FQz2UEOqAqwItwm.a
1Request Sender: /userman, Token: $2y$12$46bYL.3qZJs0emG6GQqQvOaPugb1eVdyvqKvhrspO49rPL9sUAoMu
1Request Sender: /userman, Token: $2y$12$pakXdXZPb/44DBqzhq2tOuqF74AIx667bCnnyTvJEWb7nzx74wWom
1Request Sender: /userman, Token: $2y$12$Y.sj3rCCgQNvxlAT2cmyDu5Y0fmJz.ydeoz2hSTDD0O07JWDNP3Cm
1Request Sender: /userman, Token: $2y$12$23dye5btQArfPP7RvDxkp.8cFGi89NkhjzHVgNKGDG9qfO7LNaE2S
1Request Sender: /userman, Token: $2y$12$aocSPRP51Alq7N5KoS.7M.oWvCPLcXI4UhGVH.xJFiNqzfPubjOKm
1Request Sender: /userman, Token: $2y$12$kw92TRk8.XohVcL.TSWEu.BVzUrIUINQbuhuhckc9jXiU1OcdUkgO
Request Sender: /userman, Token: $2y$12$6fyZnwwrUB2aS9mmpurD4uXduzss.fwPSGewYZO24UTJYmmxkwi6q
Request Sender: /userman, Token: $2y$12$J2JhKs2NKQOYc7e8DThmpu5eCt07U4TvWFAGO8.tcq3v3XTeH6.oa
Request Sender: /userman, Token: $2y$12$5akSl5.kFFFEJF0XJc6Thu8aRUj6Fj6yDLmoziH5ksHGfsH8gAR32
1Request Sender: /userman, Token: $2y$12$KgUw.rcLkmh5WQmJye7WSurvsz.oM.sR.UYWeAiGWvVhovXMtqtX6
Request Sender: /userman, Token: $2y$12$e2gk.wugKMUka/AJIMtkf.Tpi8AV2olE1fM/ihdlgElc2vf23s89a
Request Sender: /userman, Token: $2y$12$PIrEM1jXM.VbX.jaCQyhkObIaXVsCoSQP82J1n2ROU18E9RipZlOm
Request Sender: /userman, Token: $2y$12$VqOtnhw2ZZEx0cgpktdq5eFmANhNPrY2e58W9DPmVY2Sr1rVATFU2
Request Sender: /userman, Token: $2y$12$mtD9wHHSYLJsLMdrop5Qy.3oy/VqYcIC.HJamTHjk60yloNjO7fku
Request Sender: /userman, Token: $2y$12$og.v8A/y.N6UTwmQ34tA5ewnTLMhLwP3je6pAIoazXBTiw3mbqgoG
Request Sender: /userman, Token: $2y$12$.cFj7DEuF97XuPyOM/JesevcMr/XLQZXKUhy0cPtZTynjSRLKDL6q
Request Sender: /userman, Token: $2y$12$sDM9AnUdNLgNllB1cFI3qOFFmlK1jhNQ0WWbMwbOkYe6f8lymDJNC
Request Sender: /userman, Token: $2y$12$DzYe9Ulbw5KHxNiuzqFF0ecAf3uH0zLXUy7oJUjOb8CZcZJhLvWHy
Request Sender: /userman, Token: $2y$12$s5ZZS/gZ5x1c3xVRCRmmTufUCnjy1rW6y.1YeUZVK9fuMa01xvMcO
Request Sender: /userman, Token: $2y$12$uwFZiTcetuK83Xpn4jQS1ucKE5VDvFKzKEaeW.jpO8NZel31hbfNK
1Request Sender: /userman, Token: $2y$12$27jRFPpCVoFseY862wdZbunWG9k2rIRry.ciZK3XhbQ2M34v7IbUu
1Request Sender: /userman, Token: $2y$12$tUDiPv3YSME4q75XJToGLuszeJJIQFaKEb6.18RfspOKRx2TsWQty
1Request Sender: /userman, Token: $2y$12$UBvkPi5TQehSnK7Dk6PEjuVrbI1aUI9/wKv6i33RSmC.x24S0hNYC
1Request Sender: /userman, Token: $2y$12$MCuHYef.6nt32x.UssFYSuFdC0MwzsiBreeNBi5SGsMm/GZpvV8gm
1Request Sender: /userman, Token: $2y$12$bKl8p2WeL4Y1Ej7w2ginkePP6Byn2Qc6VHdUo0W56H6YO.7.Awmce
1Request Sender: /userman, Token: $2y$12$HpiDJTfOxWxxt9ywHUSshOjvXHnnoDnPYET9Vq8uIUzgoXllj7F6a
1Request Sender: /userman, Token: $2y$12$4NG6SvMp1tQi.qszrKNqqugVX/RS7sPGSGw/.V1weg6Jenxsinina
1Request Sender: /userman, Token: $2y$12$2TI9B13ap4AxL/qFOxNKOOOeRMeQNnUicQiEbp8UXIqax774/U5xy
1Request Sender: /userman, Token: $2y$12$Nyo/3cuu4Dy9O5MyPaxY5u9quR1kS/bc1gKxFT1/8v3EcQqiTu5qG
1Request Sender: /userman, Token: $2y$12$3UNINXwJHmx/ast5AlgvPOtZEM5lZKkO1WuXKnyreFZXtsQnr6252
1Request Sender: /userman, Token: $2y$12$ho0Qyejg19BjJ/r9RPKQjOnnAtgYwwiNcUOz0IBXtgUqZu2zb4Bli
1Request Sender: /userman, Token: $2y$12$TMC4bx6EOVDpy5UKNNpWWeqlItGQTWP3Q1G8/4mmLvAHnfgmYiob.
1Request Sender: /userman, Token: $2y$12$Oocg8BFD..Z2BjMaXJp3LO9kv7n6ak24VODW2.SlpZIkJGrtZTrMy
1Request Sender: /userman, Token: $2y$12$tMkR.MiXk84i9TYB/LprUObmlRKE9W5yoC5MYBOrqyVka49fJpagi
1Request Sender: /userman, Token: $2y$12$UKB2I10HW8FdM41L0Do8E.odR5RlLsoibAAHJFmXm4U0CWJXBl/u.
1Request Sender: /userman, Token: $2y$12$ZNkdCzgxVNyT4sdfjMKXl.OO045WRSf4peVHlP60Lm.rYTdH4zgL2
1Request Sender: /userman, Token: $2y$12$qsxrg6HYd4c3HHsRysHA/O6OfA5hFu2/X9nz6RftgmqDAMnBft8aO
1Request Sender: /userman, Token: $2y$12$0jlENDTEfEbAePv6BTRuYOamlsfnR7i55cbjERP63Y12rfnGN/yCy
1Request Sender: /userman, Token: $2y$12$1FqcA8tj6TyMZDfkAv5UmuPyqOd0c3IJpGEtXpUBfBgTxyXV/nmr.
1Request Sender: /userman, Token: $2y$12$WEvqW2RkKUgtNOhk16zwyeTQf8Tfe7UgmLWSjqVHLeONuzTprX7Lq
1Request Sender: /userman, Token: $2y$12$ryQcwg9SmD.00WjHhopFe.ht62DQjaTOIBTn.b5MwUIpNzw8l5sAK
1Request Sender: /userman, Token: $2y$12$KGwPkDFHYimb9q/CaVFDBORZxgbUhcwuCiXj4uykWKAf8f.xzyPi6
1Request Sender: /userman, Token: $2y$12$CGGbPI0ccMsmVkM4bD0Ovup71w3twnF1wdT.bI4.M2yHWDu./IVFe
Request Sender: /, Token: $2y$12$wVQVgrwcXFeFDVCiXB/BWuvPvwkzfmk4MyGSmTuZUYIK9KNYvbs4i
Request Sender: /, Token: $2y$12$.KmV7Llc5CNufmmIV3Wk1eUbhnM3kyhVKSquASuGjzn1fiEiVMgny
Request Sender: /userman, Token: $2y$12$I8CSVREYzHzDNIjhq2jutemQac7uDxpnTHXKrbmLZ5dReTl1d8U/O
1Request Sender: /userman, Token: $2y$12$m4jSTDE0RQu7yOyQzpl1yu8jjmSXnJ9cH2XjoU7HxrZ40It3d.DfS
1Request Sender: /userman, Token: $2y$12$j/WWp6iVvrOP5PMDr37Nl.jBlrTCoWepsMGg4PDTq28JioUQIhgGu
1Request Sender: /userman, Token: $2y$12$RPN2cUygcoHoGP.SkIsfjOwQCd09PxrCGkLeIcYHfWHAevGj2i0nq
Request Sender: /userman, Token: $2y$12$naAXfh4Tpd9cgYDEZy37QO0rwX2DpdZBpAHbG7i3R8.muCv3nJ17W
1Request Sender: /userman, Token: $2y$12$U9J6vbmgI/cNjIIrEVsz.e5Y6vQZGpA69FSwfDk9SVt9bN9.qT6y6
Request Sender: /userman, Token: $2y$12$YJvJZXwe95o3eDO5UzZ8V.e/icGqYb81rRqH2njn6kklaOBEKD8AG
Request Sender: /userman, Token: $2y$12$uC5AbhwJNr5sI3SEwuiZAupmFmS0ksAZatgmdrVU9BgFvFOxOPoqG
Request Sender: /userman, Token: $2y$12$Iq1DzG6ukzaC/OnDDA7/I.hTrIm.xch0QVvRZQgmZfe8.4jAXvSjW
Request Sender: /, Token: $2y$12$G.hMBrSndNpKa6O9AqNpzOmMcKPa2M1/nQxPoxbBxEMdBT9Den0ES
Request Sender: /userman, Token: $2y$12$XjAv8YlDC2x8H.sLgMI20ODWVX7Gr4sNNE.ihPVkeGjwIjemdrfpq
Request Sender: /userman, Token: $2y$12$xCsmQhGf0x0cnLBXtXc0xeQOC7xcrXrLKMEv5SiIFk6XayToiwCq.
Request Sender: /userman, Token: $2y$12$q10IrcqcULv9yhh9GwSot.ucO3FOp.WnuLBmIN/wsx6pcHj8UwUnC
Request Sender: /userman, Token: $2y$12$BHKGPB90izwRKNuXcjLj4eJ8yeQe7Ht7gf2/hZca6gPfD62U6pt.C
Request Sender: /userman, Token: $2y$12$UpQg4qZlsiCCQ.Q1JG770exe/cHH2bmCZO0sKbdEcjb/7FU6vNbTC
Request Sender: /userman, Token: $2y$12$iIQ1//fDSX5ufVFFejFm1uxILoXQJIXgQ9WvtBZjw4Y2eat2EhYaK
Request Sender: /userman, Token: $2y$12$qdVpPr603vSdTV4qfwZD9.oWcLO/am27uQa1nZebZ2mcSWlaE8S.u
Request Sender: /userman, Token: $2y$12$hllPtelsIod2IDd2IF8Y9Oyd5YmXmsnyF8ZWde.bGCEEbgt7n6Wj.
Request Sender: /userman, Token: $2y$12$AbKsiW5/OCF1Qumh6ztIeuOk8AYsL1991rFkTQxpgszizHJBIgMgu
Request Sender: /userman, Token: $2y$12$HKK3NSRvqs0kRPuuqcxswu35ODQFEdpQAICssZnqf2sjuwOyAAsOq
Request Sender: /userman, Token: $2y$12$vwxe0Xe5xeQEgdNuoPEEGeGQUyD.nSuMkF8sYGsaCtITwBYBQiz3y
Request Sender: /userman, Token: $2y$12$LxDCAK7D5jKJY09BvjGai.1BQKriudxRwnJh9lfXSz3Z7DAx3UgaC
Request Sender: /userman, Token: $2y$12$NsrBykwdXMdbSwzEG1s5pOj0AgJYNahJ0HcdB6/X.EOvgkuNtG.k2
Request Sender: /userman, Token: $2y$12$8NZg36msFirkQT1UDusVP.MxDLtciTjUi8ioQUCTmjc8ZEo/wBQ3u
Request Sender: /userman, Token: $2y$12$AF1/w0FQIAvmV7h1LLW/ceazJiKiUGK9ghqX4hmqnG3G3aHbU4.ZK
Request Sender: /userman, Token: $2y$12$M29NFxi0aidfsPnp5ubw7.gCoPNeFmc38plcqMp9vqrIOHhIZbln6
Request Sender: /userman, Token: $2y$12$iVKP02ZIsRCu/dE/sGAAWuepR.fzzFHZT.eyA9k9IM4BMkkx6SGha
Request Sender: /userman, Token: $2y$12$icPv5eyyPMyVzZ3whtaQYuDXy/JtyVQ36VHU6UAVIhbiNZLUx8hZm
Request Sender: /, Token: $2y$12$KdbyxGG/DaYUxzKYy.J/YOHmoKFmyQkNnjsFP20/PB9bDtjPxu0Uy
Request Sender: /userman, Token: $2y$12$GnKe8ohXSDCxKDurS8DkyeCCqah8ArWLUsfdRYtlZqc/tj7gZMfuu
Request Sender: /userman, Token: $2y$12$.4JoJs31qU6Jm2a5WWMSgu7kwAptciby0nKmLGSJv0HkOgsQXROFu
Request Sender: /userman, Token: $2y$12$950UoG4uXH6o.dWG09S2I.fYceTCoQgHlc5qiND0PG2mTMc.z52xG
Request Sender: /userman, Token: $2y$12$5cTv4/uNFDGDSugFxsbQpe/pKaCbWRGdUUn9i5F4hs5vjzXVIs9Cu
Request Sender: /userman, Token: $2y$12$dTQodnXzVBKevY1A9ssIo.b0HNKlDwHUUUBHWXfjZnD/VKvTRC7Cm
Request Sender: /userman, Token: $2y$12$zO/IEMtGqUnRW5BT3UhfMemLlwrtgjiplzYpTCZd63mxGIMZGKSi2
Request Sender: /userman, Token: $2y$12$8AanUUwFh2GvbEN3iFr5f.oV.tmydKPBfPW8y5ZtbGzgu6fCKm4.O
Request Sender: /userman, Token: $2y$12$vq5sbTzx02JR4eSjKlqWFeiPHgBCWUBm1BRd/6H8rW6.aUyOV72i.
Request Sender: /userman, Token: $2y$12$YW/NWxwRG0CodzxG2EbXOuv4z1libd1emTGeflpt6P2oZ4nrDc0Zi
Request Sender: /userman, Token: $2y$12$rcHiWAR6fJAAcjqukS2xR.WwH8YC1yUr3YHsQGemDl33NwCNxk9eq
Request Sender: /userman, Token: $2y$12$c9nu8HqZ8yT76KcZoWWpxO80cgPLtYwJTzCb1569LhQgMyC6VoyI.
Request Sender: /userman, Token: $2y$12$fG89zbLv5.uwtb23mmVq/eA0OgkhkjO6clcx9SqrNvLh.SeKOily.
Request Sender: /userman, Token: $2y$12$QBSUC0n1cJvyxCDC4XgTB.HicVKh6P/v83Fu4gx7gQKbwBeTO8q2W
Request Sender: /userman, Token: $2y$12$Y8h5SZDSDXY.Vp9.PPOfg.EYCeAjRVB98kn4RM1tg.CjUsD0tjR9q
Request Sender: /userman, Token: $2y$12$I8SUio5GNWHYhWQ5CvB4s.DusireZbL.0HVMi1y9Zuc6./btvWxEG
Request Sender: /userman, Token: $2y$12$XLXyVMnuoHjIJe9QqUHoH.Pz9/8nGxcclDqNAyd4q0zJi2BUvC5Va
Request Sender: /userman, Token: $2y$12$nCsRGWIGm0ttDcNQYpzw4e4TY9zIdZePq/clPWpyw0F2KxbsqXU/C
Request Sender: /userman, Token: $2y$12$SEXV5SUfiBl8x89J2FJjDOUNUIHE3FZokMtanK9OPV.sHme9bc9sS
Request Sender: /userman, Token: $2y$12$mXuvltTyN66StxgkeBEFpu3hl5p.N7fYnhUmkCYv/O4JPcBdwmA7W
Request Sender: /userman, Token: $2y$12$5AUuOEunMzuCskRGK0ogf.FdXEyigviasHvPUvO6i68gSxKQ44Xmm
Request Sender: /userman, Token: $2y$12$boGWUbCLKBQnoZRWcPHXfu2IEa84e6fCgp.xNhxqmvh/Z1uIcpUua
Request Sender: /userman, Token: $2y$12$JLHMGenfVC2ldDOyXKGf3OxQCjBS9FZj61xOK5uMJbWiQYq4TLkPG
Request Sender: /userman, Token: $2y$12$rhPzMwr5Yj1ACkizqQjhq.CI34cC8c1aYL/q2DayS7xQUzb/cxsZi
Request Sender: /userman, Token: $2y$12$jczPVAabNJhMpzeKyAw1zO.0Ds6UN4yCoCXmncBCcMa8iR7qYIJkG
Request Sender: /userman, Token: $2y$12$8XIn.0iHF6mlRa39HrmArukfCOhghFk9VAswv0MR2UsooTI9T1BgO
Request Sender: /userman, Token: $2y$12$0soBgerDZ073Y7AsTDFGruMocqycwWnvOF9Uktzveg2fYHb5Gu/O.
Request Sender: /userman, Token: $2y$12$I3hbhxUD/OWolxoApbhhCOqOjdIhXR6YtqB9Ip6UA0Hr2SD5j6BYK
Request Sender: /userman, Token: $2y$12$xIqpegC2qkxY.6VHdrAu7evzy8R4yjg6R5rDsoRP71d22KQ5UsUEu
Request Sender: /userman, Token: $2y$12$QxnPI7K2vcN78XfpSgLVZuZKoZ/n3rNYpV9wm2W4tba7REOzqj3X2
Request Sender: /userman, Token: $2y$12$MCGZvPEj6wDOTSbs7MYnheL8ktpRWy5BfEKWLH9Fj2gaCRSATtPsa
Request Sender: /userman, Token: $2y$12$0qjdInQjMGNPmRYb084cyeR5KdnUkQTbocrat8p29dUIwFPgFjeH6
Request Sender: /userman, Token: $2y$12$.n.T6Ir9ihFEqKX1O3UM2eXWe6MmB3vTtb58L4P1tKNTa4/R.VV1y
Request Sender: /userman, Token: $2y$12$iqlANiGa5CST5N.MIlCkOeUomP6WZsTlnPPWZULm3C3owF3HyBM8i
Request Sender: /userman, Token: $2y$12$mnCPs.26AZkAXPp.CCU9tOhak61NuuLTazZxgZxYTz7aUo9cn3lJ.
Request Sender: /userman, Token: $2y$12$O8EJ5gGyE1PkBmgi.LIfX.4Yzo2G7gx0M8EJvyTBCt/fZK0..m5AC
Request Sender: /userman, Token: $2y$12$vnO9PABIMfohK1L9O28C8.4kpkhdsLVLZqv.zgEPbs4pOlLV3CWFi
Request Sender: /userman, Token: $2y$12$Hh0qMypdLfXIw08w3ZY7k.mFcIsucSigHwnEQHlFymZVboR6fejAK
Request Sender: /userman, Token: $2y$12$hdKw4aZ41AaWfVOiqOr0/O8l/n3QaTVsfIlgMDt77QECZxFFszt4e
Request Sender: /userman, Token: $2y$12$aVqdBHcqX0282uyx3HwvzevYp7ZsVXtsumsdtzlTcuyagP012AuLq
Request Sender: /userman, Token: $2y$12$5idpI3nbkNql0urVUOMYXuaaoQgJDhaf5oegWM0akRZ0OzScsfKC.
Request Sender: /userman, Token: $2y$12$mKVsCVX7mFfWP7EG6ZwZ6OpAOtQnNn7MGung1OHRvc/I.PtP7qI4e
Request Sender: /userman, Token: $2y$12$YXh9IdDvfmBlCsLT0mCRueGdA6zby..qE4QWJTa09Y148JNVPzrNq
Request Sender: /userman, Token: $2y$12$tsJ8H0FqN92hh0ReWxkc..tFVq5TtN0t.qQXp.O7SmY412N8LdioS
Request Sender: /userman, Token: $2y$12$NIk6AsBKtDOxhZEjHIfCnufh5PLGOGQ3xKLbwYMQP1zxPw7z0TAny
Request Sender: /userman, Token: $2y$12$.H4314k06oBvpbehp3VkreZy4mvJlYy3oXHEvTAVJq0j9bIYbDxG.
Request Sender: /userman, Token: $2y$12$R2d6cSs6CvI2R355qVhcOuti4ueM/39P.beMTfqulNl9vqO0fUE7S
Request Sender: /userman, Token: $2y$12$AyMOhupLCLRtEAGeHEn7pOzS.5hmWSPD/GvNd.p1peQbCQVL.qR2S
Request Sender: /userman, Token: $2y$12$yyPoXhNT.Wo6j8gulaEYU.dQfUjKVUbel2iEREuAVtU44IK6ieWBC
Request Sender: /userman, Token: $2y$12$/Nyq3dAV/4qo5rS9OkXsQu5yjxpjiKalmiiwuqnbmVQFdDDa2624u
Request Sender: /userman, Token: $2y$12$onzMuvrI79DQwPTe94PlLOeqxHcYsRF/9DxzqxC6Ueql4kPFUFo6K
Request Sender: /userman, Token: $2y$12$hNULeb9TbBtQQMBqLRVHReymkZ2Y4x1mnoF0IeGFZ9bEMoyP2fizy
Request Sender: /userman, Token: $2y$12$XfUngAUBfAHKscji0lwgMeZJ/nlx4ipoCLRP9GXRXP5x/y87I0Is2
Request Sender: /userman, Token: $2y$12$Lalg6DY3oSjhTTFbxfbLhOH6v1SsOUnn3fkRcZxEIf.hcnDe3Dr7a
Request Sender: /userman, Token: $2y$12$t2ksdCFZqV3j1x.NyWlccO8uY6HPqk6qiY4hZ0SqgUsT87PBs7zPG
Request Sender: /userman, Token: $2y$12$FIGfUZ3EX5fWvUPqB1w4OefiHUpsgDQTp6AtdFMQ0VZGf./fEJI2C
Request Sender: /userman, Token: $2y$12$8lOgZv.mabswQ4w34TNC5ukGmy2aufknf8CcZL9pmXHkXphI.GI5.
Request Sender: /userman, Token: $2y$12$y2nBsrZTVyK9HnoXNcfdQ.E7DUWf.htuxnvIZJi85q9eu725pBk0a
Request Sender: /userman, Token: $2y$12$s5aSbBQWfOa6Ksu7O1SnBeZ6ul5DV3vCuq9U/DGVf6ZyhUSucc.oO
Request Sender: /userman, Token: $2y$12$VfpsbccM5KhPRg8VAlzS4eelfz1xW3QezfxRsHx5HsPHg.H.hPdOm
Request Sender: /userman, Token: $2y$12$HyDIIv3qJpR21lEwforOLO8ErlZa7igAvivRYv69JCSh3myI.tGIe
Request Sender: /userman, Token: $2y$12$48CkeMEelymoQ7QRrJN1q.OQcdnMlaQWfd1KAa05RVkKt69RxyJ1e
Request Sender: /userman, Token: $2y$12$B1dDPRphPOLPNqqWhda5Wu1gFzaZBhHSbZuuWOdcG/Rrk6nI2WSOm
Request Sender: /userman, Token: $2y$12$rNlKvHj/dcU88WM7av.0beyVDxmtDr1xnZXYHs6W5tim.kSNUX7wO
Request Sender: /userman, Token: $2y$12$sGUPS/3rUmrt32zegWGRw.lyk4bCNRe4sLcaMY8b5p5uCoabnhKDm
Request Sender: /userman, Token: $2y$12$rEvwzHzndU8weHTCNSm6.uZhOiNlexrSUAcP.pYLsMsi7o2UjFaKK
Request Sender: /userman, Token: $2y$12$VaTcdNC5Otqof4DlkaxXIe5chd66G8hXJiMZNo4Ihl9v6oFcKijb.
Request Sender: /userman, Token: $2y$12$MEMhHLxFllK8y9DL/J.RNe0lyyOEqBhqoL/m8sFqRvWFGHcePMxGa
Request Sender: /userman, Token: $2y$12$1AXregBNvUHoHIVuU3uM8OQBjrKM0JccDsQnklXf03Xa2PfTclcV6
Request Sender: /userman, Token: $2y$12$iy3pzrwwz9s8ner8i7w6IOi6a.x.lsjg1LdLaSH/NKxn3qEwFb2ta
Request Sender: /userman, Token: $2y$12$hW3Xw1yt2ACQL9mIzqNQBOswLk3Ks3CU64QV/zwzEtJd25xHiBb0a
Request Sender: /userman, Token: $2y$12$tqW1hkORoVRpSmdm3UndpuIrxn7wWXu8HbX4kJHbAkfOtesKLVka6
Request Sender: /userman, Token: $2y$12$Ltiy0K4Km7y5MxkKrB1Ts.oSHAs3am8tZXrJQmCtC5QiwaP8iBdKi
Request Sender: /userman, Token: $2y$12$qUOP6DrmmJofJvpE3SjP1OsXi5F303njGmXm8PEwmA53gc1nzxB9y
Request Sender: /userman, Token: $2y$12$9gW2eZhPbGEpPp4EJYdb5.HH6k3gpbKWbs6WXu66igyZPjGdB/kAK
Request Sender: /userman, Token: $2y$12$1bkFpbGY/rjapnPt6ln05uQEslemWEf/wIF4aYbwhYg9iJ212Ldsy
Request Sender: /userman, Token: $2y$12$pVZGhQZubUP5sXowADTuzeG1rhF0KriJzfv75QZ815/FDKzuftAWS
Request Sender: /userman, Token: $2y$12$F17.8nsqP.GwEUs8ryF3I.7JhlUUCXClX8SaFrHYsT02MwsPmYu6i
Request Sender: /userman, Token: $2y$12$OBnshesqZrl7tu1mfvaqcOsX2/lgKDcUYVZW4AY90K5fALD01QTni
Request Sender: /userman, Token: $2y$12$TMpKnkY.qxCj8UoQ/SQaNuyBT57AwpQSPiCShWy1Hrz4fFxRSCpAi
Request Sender: /userman, Token: $2y$12$pHQXj9aiL4wtW4nglyR5x.cs4efqSkx6mSM478nZg/iYxpTdFIfPG
Request Sender: /userman, Token: $2y$12$47SrFs8RZu85uRZSLp6XROcHoAyGnGP7lEnmz538UZVquHOZsm0Ou
Request Sender: /userman, Token: $2y$12$USk3IKyHmoO0p/9wqfrJ0OIHk.78prU9A3IWBCMJ1Z0dZ1/dZbgk6
Request Sender: /userman, Token: $2y$12$9ugkrB5EV2LJtpXyYUxCwu/S.6bzLor05rcHVcy10BZie7XvkEi3W
Request Sender: /userman, Token: $2y$12$p7I9in2juEPyr0l/s6HdKeikubGMNPhwGnfYq6MuOI31JIlNp66bG
Request Sender: /userman, Token: $2y$12$ts6M5g.umRlvmcPfZ8sSaeZSImkcw6uniQPf/UOuazcXQvh13nGbC
Request Sender: /userman, Token: $2y$12$DD9SvzF0e/hp7pvmfuFCKu.Cx9oJnbCvux0ptbP5SapIZBylzoqhS
Request Sender: /userman, Token: $2y$12$8teCEZHvDJh9UNG3Uut5luRjzdBMLRzoPLHdiDTSMeh/3b1g7K26G
Request Sender: /userman, Token: $2y$12$jhygRXy4bt/KqTImJ.rgVujfhbb7Zyp7xAru5esUc4ERmbDVi368y
Request Sender: /userman, Token: $2y$12$R05goW7FIdY0ZM60hLykP.NAb2UzA0ebyshGZQtYXa4CedgxJJSaS
Request Sender: /userman, Token: $2y$12$Hma/sORj8dVU8lH.2kwEYeNHy8IDhOcj31sYr96Ng86F7FzgUo4XK
Request Sender: /userman, Token: $2y$12$lMyBoiIK7KW0mgg.3XyTqO2Q0rUCt2SuapWBoZyjq0Ez1QQViUi9G
Request Sender: /userman, Token: $2y$12$gf7JsP7QAIhSfRkiywyuluHk5UH.1UGmrdCAIvDiGc0Wgm7xYIM5G
Request Sender: /userman, Token: $2y$12$pwAlLQRpeB602gSzrospIuwUaJRpHkepFuKjuMH3O.Vi8F2DC.Fre
Request Sender: /userman, Token: $2y$12$TGGv7Q1SDr.CFEoSYTlnX.zLIhZOrftXBy0b1.QyK5z6m2QDu36OO
Request Sender: /userman, Token: $2y$12$K6b2UyFskdZjK9TQvmsKnOPgFRPJXFsxFcGqDEFYIXUh8iZGkCXYO
Request Sender: /userman, Token: $2y$12$xy9SMvhz0SH8HK9uy2GTB.iSQ4xNOR7VsP9XsrlPihLujv0vt4rsm
Request Sender: /userman, Token: $2y$12$ku0shLJfb58k1Ynlz0VNme/feOw4U.CN/Nvb6PG3Ti.aTIiADZdem
Request Sender: /userman, Token: $2y$12$SQm/euLFD3XyUpl.4AynnODE9Q9YqYbyWIhJ8Q7ff/OzIdIiVfpZC
Request Sender: /userman, Token: $2y$12$CiHXHM3ylGO0QKKQXP60Iu1oI6e5cpuhbwe9agd6YJHsTssJP2722
Request Sender: /userman, Token: $2y$12$NbFP7V5bsvPc5uIiJR5d1.PyjIzl7CIRdJks6LWxqnXN8na7c7Uza
Request Sender: /userman, Token: $2y$12$OT/IVr3nCcaiFsGPjuEXJ.MSK3PuFPdpoFcJ2DKY1MO6pFu.PKnPS
Request Sender: /userman, Token: $2y$12$mg3sz9q1HFaA4RS6QS0NP.vtaijVERoOgRC6edqoK15KALiowECsa
Request Sender: /userman, Token: $2y$12$RJZ2ZnyQ5gbuy.y4DNkH.ekYPpPH3ZZ9N2YyQ8M6UC4HWwD2vMtbK
Request Sender: /userman, Token: $2y$12$uIzLZXEyJYztzIa/CCqSzuwoJdEHF0wKLKQvnH330IWKSFCC8257.
Request Sender: /userman, Token: $2y$12$LhLmqfT84UCtMqJxcOCx2O0IGkYYh3EcFZfb6to182LcnNPL.WSvm
Request Sender: /userman, Token: $2y$12$3iUOro9DI1Ij3pmzMO.5T.cgjsNWSxAtSImEy6osUQKb9Ivw14gb.
Request Sender: /userman, Token: $2y$12$Qng/LsPO4MXko3YBwxreVO1ZEcm3.W7ZgeSq5lvfpJ.rHr0wrWJei
Request Sender: /userman, Token: $2y$12$MQTEfNk0Zib5MAQyDzxeve0k4VaLIcKVTJ4OTUYHDAfeTNWJMCuzq
Request Sender: /userman, Token: $2y$12$I3ovp6m56NvHHmLGYDteMe7BAcfGrmW4lRFN8Zwylnt9RV9SlsSC6
Request Sender: /userman, Token: $2y$12$WGCURpvKNBbRQzYo0u/IROTSpO4eFyiEOy8NGWaHjBjZQMBNT0NTW
Request Sender: /userman, Token: $2y$12$vRGhW7fSzn9CNbxQU6QHuOwJIqak/ISh0NgbTbeSB8a37tKHPxwoK
Request Sender: /userman, Token: $2y$12$Ud15bByPTcgm23B5fYW6huRl9ZZ.9otYqcOFBc7eKKw39Nq4OQdSm
Request Sender: /userman, Token: $2y$12$ppX8m1UqILgUYgYZk8ribe5crjJ0cC2B/MuNE6x78qm/MsGc0ETxW
Request Sender: /userman, Token: $2y$12$11F5XZos3HNwr3pI5tD2Oug.b4KX9GVOQ1u7m6wBhncpQQqJNzAa2
Request Sender: /userman, Token: $2y$12$.HUPao1xray/ecMy2mzKEO3GIs.P9shpG9iPrqCsgSpTWvhTd7l.a
Request Sender: /userman, Token: $2y$12$Xab73U0M5lTeuMjOPQcEK.9.rcGkqJqKmuKSSiDc3TLDAFsZ4LU6u
Request Sender: /userman, Token: $2y$12$cnve9ot1CRsB0SbPgtgzuuU.pJgQVKeZzl0LFXEld.TlQzdRKgK46
Request Sender: /userman, Token: $2y$12$s9HjqZeB3UapUx1JdJ7bnORHCW4l2/CO..yxn5fBO9GMpicbn.vdy
Request Sender: /userman, Token: $2y$12$KFfbP2Bdn.fbAms1QuLHnOOUf9TG6tsroPzTIsbQumIQoOx8ADiUi
Request Sender: /userman, Token: $2y$12$jVMZ2DVkH0WixKut1F3hR..cpH8ko/HguhypILiOayi2lsYElelUi
Request Sender: /userman, Token: $2y$12$sG7v.Sz/i2wMdFkXhdQFleu2oHLLkQQ03SbHljuiFMBwVPUpLW0UK
Request Sender: /userman, Token: $2y$12$teRAPqXE1lV2.xGCKWYAKeIj45cE0q964dJKME.WFo4mSFXaOe86O
Request Sender: /userman, Token: $2y$12$S9Qc16iPipz7P5AGkhuH8eb3WDqej3iLH/vcXLPiorSqzwAMOKojK
Request Sender: /userman, Token: $2y$12$9jVA7uBy/KzcjHKkrsf.l.T90Phx3XH6QWOT.ULm01yYBRfHfv1sO
Request Sender: /userman, Token: $2y$12$SGZPl.j.ABXLeTNbEG4vJONBC.OtBss5pIR8Zn/e7rV5D35LjbnJS
Request Sender: /userman, Token: $2y$12$vmaFJxn5EL59imfTsL3a5.leG3akD7yI8IIXEF/SvAQVxoe83a.jG
Request Sender: /userman, Token: $2y$12$1cGl4pcnxh0wDvVzF8gtG.TmII8rKnPEi1btP6h1AjwJaoS3l9LIy
Request Sender: /userman, Token: $2y$12$SV67zNFe64/XNhOTYLLG3u2tXK0xNjaVaxF26Hc7IK1TI8Rl/y1sq
Request Sender: /userman, Token: $2y$12$Uj0jgDaXTTdPe9VPv6Gdsu5wYaksx73dRa4psfSQsM5WrKtX5pMhq
Request Sender: /userman, Token: $2y$12$i7mrTj7yp/3jpyOLPgGVreJn/wbuBSyjZtGk/BFrWL1cKYIr5cvNG
Request Sender: /userman, Token: $2y$12$lvP10D1dl/1YqPb5WrHZ3.BJboGt7rA38Uclj26XlQ0aNCzqDwDga
Request Sender: /userman, Token: $2y$12$RLv/VjnsekIMiIX4Yc7jC.NCoNDLgW4Pk4B6mN3aAIgRMDmGeH1IC
Request Sender: /userman, Token: $2y$12$Ub1x3koXcc/fzxGWjGjpwe5t7ezK9IXhzeHnHsb2Z4zx0cYxBHJge
Request Sender: /userman, Token: $2y$12$5EnldRvhmqJ/dyhzBAQFhOUZ1sZeo4PrbGnbyV8gWRaRTWJpuB3oS
Request Sender: /userman, Token: $2y$12$soWNZtx6uGEuxe49HHcn9ejSVDWEJKfeb4Wj6vY7pRSkfT97RzBim
Request Sender: /userman, Token: $2y$12$Vo12MyuiEBIDcFAXbOIG/uXHGTSlxQBkeeINDB/Z84mLU0WF62IsS
Request Sender: /userman, Token: $2y$12$jf4lXRp22BE3MILnuoGnreJA15xPtv4emmpJDTtO8IbtqZPLJsU9q
Request Sender: /userman, Token: $2y$12$UJY3puLwIZojBnKYZu3d0ejiDmhPEmN8lLR7iQIKiFCHHlOjhLFFm
Request Sender: /userman, Token: $2y$12$YFYvIFca2a3dpWu6UFSMjOq83toPAX9M1BoPYtqyqJsfQk8dbJXge
Request Sender: /userman, Token: $2y$12$ERs7iwOtpd9LYN.36qxOQe3RID/W9FkV1j7Qy53cIV03k8wLmWNfi
Request Sender: /userman, Token: $2y$12$uXmGAoaz2fy9.T2ki6O1oeWDxBVSwP6QfXbW8QGRocGsaV1Nwrg3O
Request Sender: /userman, Token: $2y$12$GD6t1nXdQh8B6KWtzlfkgunTiMl3n8MYJDabJkPNfKAAcSZK3ERiy
Request Sender: /userman, Token: $2y$12$mrGLY37psfWrRcsegm1D8eN7c55r8Wp9OseoFDw3eDVvZyt5OhgfK
Request Sender: /userman, Token: $2y$12$09LgbQ.MWBNgGkb.sz2Vj.ZNFP.AhiCDu89yyzBKS/ok.lK8Pbur.
Request Sender: /userman, Token: $2y$12$79FKSsfOyKALUpftOKq0NOiDM23iWmt7LL6xMx2o6mmYWTShGDbIy
Request Sender: /userman, Token: $2y$12$Vsqvv1i0YNRWU6.CFJ9sKeHtJJYZAojp0A901PAA5.JwmvlRUR1JK
Request Sender: /userman, Token: $2y$12$muAGVl33JGJXKPAVgA7uLeir/wA6/ls6gs8xLgre.22qXY323zcna
Request Sender: /userman, Token: $2y$12$wp40dm50h2K1XveB8cFCGOrlgcH13je94HYHWnvw0INMNXsAP9JdK
Request Sender: /userman, Token: $2y$12$hVtM5bs80fFFlJsfIJ4bReeVe/90uiIgNC7h2J7UbDvHVwunDnxUe
Request Sender: /userman, Token: $2y$12$72ePoPQxPOrD52hVU9WPr.XIc3M.mTUGB5P5H3k26vAV4JQM9RkA.
Request Sender: /userman, Token: $2y$12$wh1ZFatcErLgClPVnIZ3buNA7o74uCZO/2OyGZuVwZDdjTsIFGK5a
Request Sender: /userman, Token: $2y$12$9YSt8PlRqPJJxzG9f6ZrEuGTm0wF8TGyvkx3pMqro4Cnfj0ASMzmO
Request Sender: /userman, Token: $2y$12$7iCysnJTXGTq5iKK7LN0VOrv4G7L11cd/RCsIRyKLLClYz0X7JgNe
Request Sender: /userman, Token: $2y$12$pgis2hmuQsOO6hWWGojZzucOmLOLQ0yCm1SSVYzqZ4uGgA7YJv7rO
Request Sender: /userman, Token: $2y$12$rjCejwXN1jwl5.q2k1VCo.3LzCuF5ZtHGlS6NF21CDsh2DG6cliQm
Request Sender: /userman, Token: $2y$12$CXnbu/5tWpu8NGvrQTkwieOdlcHbkA0rk5wwW5eoJliy3lfDh203K
Request Sender: /userman, Token: $2y$12$01zZ4GA35N3Y/7O5zihJW.CDuNY7p1rxvHn5.AwoKX4MNO/Wa4ILm
Request Sender: /userman, Token: $2y$12$QsdGcnWnTfXY4MlsQuDjrOK6N2j7mRc0xgqLMxrdgZ8xa4ra0DSb6
Request Sender: /userman, Token: $2y$12$A2BEIWFkywUgdt3DfDCwdOVkc5JrXTFlyo7Oev6HSIB3lkkzbRNKq
Request Sender: /userman, Token: $2y$12$02hqIhTNFpiOctSfxW5IAORDfpSgYN8cr7ZXmYyNx.fhiuOcue1Ae
Request Sender: /userman, Token: $2y$12$.0mwq4GcM.Kji1e0RyalLedCQUn9wMnpHJVGN15RwCu6c4KIU6ov6
Request Sender: /userman, Token: $2y$12$n4fOvQ0REJHg/ljvVxB/6uHCn7vG09Zlhf6S76Dv/lo5C2PCCrCje
Request Sender: /userman, Token: $2y$12$hgj6UYXkjHrKJu5hNAMR3OYZUD/wpCZBW/363zffJCc1UNylrMxxW
Request Sender: /userman, Token: $2y$12$5x.MQ7.U6e5vLQarncLkWO4RLzStu5EkVEXNg2xK5TbkLp9VAvjm2
Request Sender: /userman, Token: $2y$12$p7I8McjBC.pAPzfe/5Kcg.887t5FPWa3KFe6cBMT.kiHkPs4iQEuC
Request Sender: /userman, Token: $2y$12$fAHB7Qb00n1krcJOyVsqcOI1FFIDePKzN022fRxQ7CPfAu6rxvt5m
Request Sender: /userman, Token: $2y$12$YRTlv8nyKE6J/18gmWPyCOWWW0XSTWxTo0d6hgTcRtSwFgA4cFr.i
Request Sender: /userman, Token: $2y$12$bx.wRRBfld93ZmlGgizAm.LiA/IZjw8mx4zhuieLP0t9Q8art7QHK
Request Sender: /userman, Token: $2y$12$0rTafl3hDIu0sNUT47WHu.7Iyd.P5lmWmE2TLeFIRkjCbVvLGnwjS
Request Sender: /userman, Token: $2y$12$9U7mVdwHciG4dcCUtZiz3ubLIV639wJejICeyEMeNcighx9CrpKuq
Request Sender: /userman, Token: $2y$12$wt6kRhkFlCfNjTm2SavA3.Url8WvbfO.KBNR5Esm268oiGntG105C
Request Sender: /userman, Token: $2y$12$o6LL38BYC/NkDKC7ZQWcYeUN16EZNZO00ISmTJ.pqaLu0B5m2dwH6
Request Sender: /userman, Token: $2y$12$HMDpskNcI96FAGiLGWxiuehwNhOkt.3wXLeOsdICB6RHHT3G9YAXG
Request Sender: /userman, Token: $2y$12$AuN4RHaWQFuJV.Cp8XXPEefI2Dv9xM.E/BuePaJyw1egtSuwVSU.C
Request Sender: /userman, Token: $2y$12$p4b/UANJWMkHqshFXoxW/.fAbHyMWGLjm1hEL4LpJMQMJRBcMeLvK
Request Sender: /userman, Token: $2y$12$QIQqHRm9mZLd/sCLcpwUL.leKJl.cikxfKnv1dSK3w2XZ4kgguVBa
Request Sender: /userman, Token: $2y$12$peGTfiInyOsLe2Skb9/95.bwK4zbmTVD4DEyXI.IJsJhDC8JETiPW
Request Sender: /userman, Token: $2y$12$hYVDepYv4k.7Bz6pE2Lu..2MTbUZT6jNTy565AIsxOn1YrIlKoqsi
Request Sender: /userman, Token: $2y$12$bO66c0MhHMXg4JMtbGDi0ugu7rBHox8j89L8LTp4.C333pVQ2OiHS
Request Sender: /userman, Token: $2y$12$uRnuxLgytsM/ArBFP8hmqee1aU/V14/CreWk0sgveNe18qojdjsTu
Request Sender: /userman, Token: $2y$12$f7/bWCsy42qcs5T8rRfZ3uW16fBr4pO8my3HgWrc9Meva16.ugp8K
Request Sender: /userman, Token: $2y$12$ud/ziKDMyMfe.hyKRtwypuo4..uNZsML5dpnxXQXUGfRVSCRHvGG2
Request Sender: /userman, Token: $2y$12$oKiIHQJJ99mbAHw3l5tK.uhl0KbBw5IdTdmesfgmE60afmocP0V7W
Request Sender: /userman, Token: $2y$12$NPaoq72Qw476ztO1Tn2KjOMNM7stNuitZV/al5If.yT.pOj4HzFRa
Request Sender: /userman, Token: $2y$12$CWD67MpPySM4ng83WIv3GeAuJ749MlwY/0sC4Hi/cY7iPf98PSDPm
Request Sender: /userman, Token: $2y$12$SwGBQ2C2OQ4xOHuYTRCv.uLxEWgja94K5yphYalFv53l0vA2sAUve
Request Sender: /userman, Token: $2y$12$ySLDcHuoLHfJcAfhdlWbIuUEF.wqBLo3PlEE4ZOpnO5y7yJDUQT0S
Request Sender: /userman, Token: $2y$12$tcBQFRlyV/7Bmhdb2UdXoeyxiNSO/UfSvO.sMXU7NQx5qOiNScfja
Request Sender: /userman, Token: $2y$12$utn.8INOJbvuaRebi9tDtO4OsFddtx9pTWikvwY.iGEMUwaJrA9NO
Request Sender: /userman, Token: $2y$12$8ws.7qvtLWuK.185xHkE6.uaAJhCNlCKr2z3rU/.sGTexiiQiB2vq
Request Sender: /userman, Token: $2y$12$wlTgJvmziegv.Am1nJZwVeTLxCewI/qioYwmGYaL9MOebs4UXGTD2
Request Sender: /userman, Token: $2y$12$n1sNgIO2SKXk4x4aKG4JReJ2HQM5yUxeKD2w6pyt/4YyhqQlGGJ66
Request Sender: /userman, Token: $2y$12$2qxyM2ywarOMlRr./MsKLuYUCf.nVnxOPDdZ9iWbn8.DsHcQiA6pm
Request Sender: /userman, Token: $2y$12$gmkj5ErfytJTiIrP0zSYpOwab3/W9vaJ.lgb5vxlZ7aKAn0IhY9lm
Request Sender: /userman, Token: $2y$12$hyoyR5.GRbvsmttyPgYAreDleOxgCL306UIDvNRlTKtrZRe9eFgTC
Request Sender: /, Token: $2y$12$URKaVpKeqbox9V3O.JGO3u9l0.kaPEyioiDAX3PiQrRX1uxR9VyDC
Request Sender: /, Token: $2y$12$.5imvYt3M7cHmWPI.2Q90Oecnv7nF.mzqvE.KfjrJGQTAPE9QSQeq
Request Sender: /userman, Token: $2y$12$gXg4jDrvUX1daWtEvnjLu.kMW8lald8tROYQQyTe7SfRCtRxKC3eC
Request Sender: /userman, Token: $2y$12$p2FsBmKTjQaNtzCYlRXXT.0yDmGlVMVvuEY3zuWQ3C0PkvCVvy8HK
Request Sender: /userman, Token: $2y$12$hvNEaZMiHHnx0n4EkHamnufPObDHNnqDokdnNRfVzibHH.ya/ud1C
Request Sender: /userman, Token: $2y$12$8oReztJ3iM7a7Bz8zkVUfeyUatUZSs4U466JlNZ/Ocgp9yyZslXnu
Request Sender: /userman, Token: $2y$12$u6MANdAP9eDug976x9nms.jmhORXn7aTiGhQGH.nC0kav4DMDGcqq
Request Sender: /userman, Token: $2y$12$CTq3LkYCiNImD0ZSkw4AdujWuziX5T26vwt3lFIa.KvO28za7VMPK
Request Sender: /userman, Token: $2y$12$jv.fknCAp6yXAs.DyHzis.l3phfvHeH2SARJ8FG9wrzE99SjiAnWe
Request Sender: /userman, Token: $2y$12$SeQLLD0djEaYWD4ZNtj4quqOXR5nhr1.ZPiuq2rlCvBxYT.N9YDg6
Request Sender: /userman, Token: $2y$12$XHY3W3CkjTCi7gR5am.I7.CSKeUChbYD43v0viAzIQTGaEw3ARO4C
Request Sender: /userman, Token: $2y$12$wUjPKYhZF.xh5NEjpoSrkuegfVC4wdlGL4QuCEd8IPmFyWHu7v8w6
Request Sender: /userman, Token: $2y$12$3ALBPk5ZT4f60rES8S93KupBIA.gaAsU1eM5qEy6g1Pw8biXupeDS
Request Sender: /userman, Token: $2y$12$G//C4fFIav5kW2whHiysOOMoYwqHoEKFhocKcnLkJGdHygF6N2C1u
Request Sender: /userman, Token: $2y$12$gx9vHI/9sjJHmY035CfJmO3ZTsEOj5/jqzIU5nMKBhfycERbBva36
Request Sender: /userman, Token: $2y$12$/PKVCFh93.GzwU8jagaXtO..yASwCUVgUgNUTUlBjZNUB/z9r0Fbq
Request Sender: /userman, Token: $2y$12$sgCj9.WeR5OhwsG7IomJT.CAxezSuO/uaW2I3iQ1X4X1QV5VUwiiG
Request Sender: /userman, Token: $2y$12$Wxccl1P2d8.sEGoQXpUkqezwfeuU/Yj8MyR9Myk5RNYNqYbo9zqS2
Request Sender: /userman, Token: $2y$12$nCcY4pkwUthRjfEvA2/Dfuz1sEcxxUSv29wjwPWP5yjnmz1Qd02Te
Request Sender: /userman, Token: $2y$12$N2Gbb6mNN4/v3Hl01FlAOeatNxnRtq/UjjHasRyDx/QpDpeZtoDky
Request Sender: /userman, Token: $2y$12$hspung4./6h1NbSDEe9V8uPC.WWoPTkbnejcvV9dKsB2GSfMnrQeK
Request Sender: /userman, Token: $2y$12$6DKJI.9s97/GCZBuxtgx/uR6wB2rheEIpeeh9OCGRG1.8Kxdn8yBe
Request Sender: /userman, Token: $2y$12$HtLTIX3PnBc4cVtOwpS5MOWTkwu0zJ.E4V88JJICsNo/blofduLKC
Request Sender: /userman, Token: $2y$12$e4hiPorkgsckwG0cqmTmWuOWVW0vCIfHrrumCBnNOdkoh6syEfn8S
Request Sender: /userman, Token: $2y$12$yaS5wX8safT3ORUD8/NxOuTWdSMzHT7VB9G5GxIutKEJC26O4EESm
Request Sender: /userman, Token: $2y$12$YQHE8HfLXQAoHRwrGO85DuBg5vX3k0d69pR3nF0sgv/awtSm.ivxC
Request Sender: /userman, Token: $2y$12$QvhJwTgXxdJPUwixxrjbwOj82TOcF3qsBJDV7q0Zukz2E/L4VVn46
Request Sender: /userman, Token: $2y$12$PGDzYKOygLmHp4xqUF2hM.vNAwCyMdP4AakCt2IqGO77Vmh4WQwkG
Request Sender: /userman, Token: $2y$12$o.I9xf8rQEWA.uwyjYtsCOK4hsVjxbdCwy.omvEOKcWYpdQgUmEcC
Request Sender: /userman, Token: $2y$12$MBjfA40jEAoz1RxtceoAiOSV3V47BSqNUSPtvo4uOelxCbbfdmOlq
Request Sender: /userman, Token: $2y$12$Zs1j54dnVmSOrTm9A3gdTeBwXWsZr5Fh7Mr0eYqcbctjWelErTnIW
Request Sender: /userman, Token: $2y$12$GuAGXSOvsWpPYkOZNvYmW.eLPlPTCgOdwFejhwsaARb.ay8N/dSbm
Request Sender: /userman, Token: $2y$12$TgwVioNUPftLGguzyFqV0uwnA9UO8TIOR.6JdEefro1thaa1gWIWe
Request Sender: /userman, Token: $2y$12$/KPs5Z0sGwDoMqOt8X9HQ.cxvrMhT0/bVFtIMvashUB96ZJVuadNa
Request Sender: /userman, Token: $2y$12$HQDm0EZSMlMvoW90umxAn.AfW.ZsDcZHB37aFpH.t86DA6QXf8U5u
Request Sender: /userman, Token: $2y$12$MLELmc1ufS/PaBaMHCDfcOZTX2NPeAgfoo9PbteeqQEsBzmm7sOWG
Request Sender: /userman, Token: $2y$12$Y51weOsxLq0eb9lS7W2GRuItFJtKDkgpo1V6HTrjX.uUBWOU3B3JK
Request Sender: /userman, Token: $2y$12$dSsNRlTGCMTkDkWTjrfHauvnGb2CYuLK.zE3anmGvOZsZ3k8aCtsC
Request Sender: /userman, Token: $2y$12$EqWgBtHH8UDl2S26..yLSu.lRlHAvA5fvF0/0oRON1p2NCvrG9F.q
Request Sender: /userman, Token: $2y$12$efhYFbS.7HdWal.rJd3TuubeMMO6e6ZMO8/w.RxTuVi5hArkZDFku
Request Sender: /userman, Token: $2y$12$RdK53Kz/Tu6dww/Jq1mwq.2GbKNTgzhwk0ckvaG0KLj.DXEqKJVP.
Request Sender: /userman, Token: $2y$12$3w6ybFi5Bq4Fcm6uZiN6mO1lPHCis2hN6C6XkljBopYXqLy/PUWKi
Request Sender: /userman, Token: $2y$12$rOTAEyALB4yHJMqwir2A/e1fCt/WDlNUKbWt57aWzTFVCXUiHp9ky
Request Sender: /userman, Token: $2y$12$8kQml9vU2VLgMAyJwL4NlekI73QNn.3byz1PgK3FSOHzkPend0v5u
Request Sender: /userman, Token: $2y$12$nAd.GLZHtn2OonisuZzTwOiy05a87eKF/TtG4F5Z5jRj02QlY4GYK
Request Sender: /userman, Token: $2y$12$tfJFq8lOy0OyNIEEfkZcouE5yTddMSxw.EO.JqcD0JnyakLhfA.Da
Request Sender: /userman, Token: $2y$12$63kJmoWFckb1wbOLw/e2ku10GpC5GMcEuJSs03I4iV4o90dsr5RAG
Request Sender: /userman, Token: $2y$12$W6lNMLVuR2LqVUUKtWm44.EMomb7U.4C2rP7je80QTnALLvlXQMLq
Request Sender: /userman, Token: $2y$12$S2VYQ0DEBdBTCV28C0nQcOSNKnRlT1D/vf/hpODjJZ2mq5nVMT7zO
Request Sender: /userman, Token: $2y$12$S647keHpxR5h3eEMYwVBVOTJcCIY8GGY2Ad6R0gmEYnx90ph1paxC
Request Sender: /userman, Token: $2y$12$dOaNaMB2JPsLNh/asuS9RekznE/S.5l/epApd550zC1jqNTnnmPcG
Request Sender: /userman, Token: $2y$12$NTmy30QAg9TFMZgPifd/nOyUoWCvVnALsG2Dgzu.FYPkSU5EEfj.q
Request Sender: /userman, Token: $2y$12$yNz748LANWk5IskNpMuZ8OLy2DDEoJE4/8HfOxr1wHVWE.4VhG..S
Request Sender: /userman, Token: $2y$12$1nEPFYBlWQ9ea7RjbP0hieQ./eUQ3TEXsoZC0I/dP4ZsIZdxkT01u
Request Sender: /userman, Token: $2y$12$WVozlQbz8nbsmeAHgSwAYuhIygdNiLQ8HAiYy/gHjMRcHDJZMSi4K
Request Sender: /userman, Token: $2y$12$LOPz8LalUl/R8Oiql9b/zu8NXApUyZhObO0I.Ct7D.uMSnfFamAfy
Request Sender: /userman, Token: $2y$12$eI1EXxQknUtTy5.DEOCRM.j9U3HKynJgPjVE/vtynzAxvh1xpGfvO
Request Sender: /userman, Token: $2y$12$JtaeVwU0tSjn159rn7wiFOu2wh3wXYdfmsQlULWJ.XHWynsOUF/2m
Request Sender: /userman, Token: $2y$12$SsJW.tuSLANfwESfCnfr9euVXlaQr/jLp0y54U1s6EkmnX5flsx7W
Request Sender: /userman, Token: $2y$12$VXaOuESjX.Ue9GsKrDOrCeNv/Bvg2JyPbKT7oKZ94vNYnqGm14dwi
Request Sender: /userman, Token: $2y$12$f2XVhf1njqiQfUEbVId3w.9Qe.6jW40tLrv.LSDj7nziAQhJmpi2u
Request Sender: /userman, Token: $2y$12$xoA6YYOGKW13Pob8HwZca.8m97tlwVNM963.fdPWRypZ.VNxjeUpa
Request Sender: /userman, Token: $2y$12$QBoRphJ8qLp5tBb1ya1nxuOYQzXfjHoUMmiiT1ACEvyk6C41wtsEa
Request Sender: /userman, Token: $2y$12$/fZt92/AynN5796LBLd3s.dCATRMby9hp0RB2h9rqnL4LyNAadLMW
Request Sender: /userman, Token: $2y$12$k/pB2R3/ZRBCY8fOYVPtNOWzxJzx3pPr2gpHQmhaYwMH2nYjjd8ai
Request Sender: /userman, Token: $2y$12$TIN2skP136uhB1vonuFBauGvfvDMeJSlUqn3/IXyHomc0PEl/STg6
Request Sender: /userman, Token: $2y$12$aJ28C4n0fK/cPbU7lovsEOMrKOnj9StHiUYFuQx9MjvaP6HWY.uAC
Request Sender: /, Token: $2y$12$Y655VyodXTgEY5H3oWBUhO7IkhFiiMOETylzbWkrgMnpV4whplkWu
Request Sender: /, Token: $2y$12$evt7BijcVonY4EBuwFukAOQk26IFVhebHflmG2Nu0YPkvkcQmZAoa
Request Sender: /, Token: $2y$12$wmBD4WHwlchtq0t03p8fq.9XRWXigAVZPUiFQIH84nFPYt84EF2lO
Request Sender: /, Token: $2y$12$J5756OgzfdsjBBunSO6QbuU1Jm3hKNWcX2cD78HQ/4Vc/MjdrSzXS
Request Sender: /, Token: $2y$12$oUeFgbcyXfoTs4QZdSSAG.OP0lcYFsE1ISAKD4pvJL89mItWVBBKm
Request Sender: /, Token: $2y$12$VfuEqV4ZauVgKlYvzt9ilu7srlJysRC06g6axklEyGx64QfSVmMM.
Request Sender: /, Token: $2y$12$bvsSGpvfycirqCD/NI7bj.cYJjQEXQHEn6AOqB5ZxUPywlmsFWpJq
Request Sender: /, Token: $2y$12$WQjmry2XamwMAy.JlQj7GeSLIm6a60W3aH.SFJXGOTpkdDQWuKDOe
Request Sender: /, Token: $2y$12$cIn8HJsIJCnX2y8gDS5rvue0eYAOWs56jbKCgh3v5Q/wwAwiTzqmm
Request Sender: /, Token: $2y$12$.j0wtilnD5xQqEXfjizjD.uAGdZGskXJ/Winq7c2y1L6xhK.KNNeG
Request Sender: /, Token: $2y$12$WpcZYsO5fC7DI3QPGOEH7OZnms81ADNebO/9HG0q8KwJRLxtq6kqu
Request Sender: /, Token: $2y$12$P1whEb038HAMYgCqI2JlyuBqjX/CXTmDYKM4EL98YmkWtpGCosfXa
Request Sender: /, Token: $2y$12$mPoUzFraOhYHNHI0gttKr.VHUuVAeSGzc/1MYco/3Aj3Mz/H7ku76
Request Sender: /userman, Token: $2y$12$Rq0LIpF9sfukexd7UduxruYciIowHWeqzMGKHLLRcqKOvT8ah6jtW
Request Sender: /userman, Token: $2y$12$3wdSJwnur/B.lJVM8eBakeuVc43wsf/Vy8OekRb8e08GA6EKBIk8a
Request Sender: /userman, Token: $2y$12$Fhz4KpZRM7zM/mbJIfZO2eSqHzF200L.x47Itg9n3L1eSQsTcCg1C
Request Sender: /, Token: $2y$12$3DFtJm8ezRPCIGCbp8dnCutQzbM3X2ba2HrRRRJiCHeSCGZCzextS
Request Sender: /, Token: $2y$12$Q50ngTwO13VHP8n16pOGe.nCyGHidsnCfem5AjsOXpk2JCpkAs/W6
Request Sender: /, Token: $2y$12$DyuyRNPDPMumwNnzk9.AvOHZEcFKkx.7hnvAxajer0X7KlfZWcNIq
Request Sender: /, Token: $2y$12$VRE/xkfZLW8oIra6sqPrauoaFepTIJyVSiRFv81YgDIQ5LSW5xIEq
Request Sender: /, Token: $2y$12$ZhEsmWEHlhiz6XIsIrs0le/GS9poWbM9Nsgx.MHyn0khxwJqTO70O
Request Sender: /, Token: $2y$12$L7MK7LdhE2n8greSF49vX.2bZfFXWA4EPXR2d0g3Qwr3WgOpCKZTO
Request Sender: /, Token: $2y$12$xlk/iAhfmmDxiHtvlZDDpevzxWQKE9jhPD7IbvIapg0QCCwN.OcRW
Request Sender: /, Token: $2y$12$15Yrz39Ya2UyOU8GSR3a7eD1Cyvs2hX71ZuejV0lkRozTaMmXTLau
Request Sender: /, Token: $2y$12$ODuN/Uyl2CeQOWwRlaJD3eupsRBKqhfIxeryBvszYlr9dgLCbqPva
Request Sender: /, Token: $2y$12$42ohTkLQgecYry3xIjsyq.O6Nk1.8fCh3..HgkSlRXwbs4dwiO3xu
Request Sender: /, Token: $2y$12$jiIYl5ZII.RCyP2iJbpxDu7rP1X5xFwGTA11PPme/NQLApHs0BLsS
Request Sender: /, Token: $2y$12$fu1nlZ/jPwDWdB3gnqsQMelQlzEZKkcToQjHkerAvpjCGX.2LY38e
Request Sender: /, Token: $2y$12$C16fxrZb2eJ69Q6xroMdd.yHwmdANYHnd7wGGcZxVfT0QWw9NuwiC
Request Sender: /, Token: $2y$12$b6bK4O2uIaN2axc9ZFhg2u9Lr4wd5sMGLDxeTw9q92hpR6/JWpvw2
Request Sender: /, Token: $2y$12$mFolgP75VpfsHRUQlSeImOGPBk2uJ0GyMALu2rMeAbxURpja521NC
Request Sender: /, Token: $2y$12$hrzdVgHtxUay02FeBs5vB.wTlpzpLLV8t08s5pFW2sY48.CkxEQpm
Request Sender: /userman, Token: $2y$12$JH3hyJLkuHymD9epiJnDDuWZ.ZiTj9cgoOSTUat.WgJME40f1WSHy
Request Sender: /userman, Token: $2y$12$O260VqD7boPB.ziP9HI/9.VfKL3.WuuGHEzELWgE4qsIH8yTTJvE6
Request Sender: /userman, Token: $2y$12$8xeIN1.LkvHdJAhjNBkfOORfZ/JDHRdzpiihDQYKstei0eYqjUhtG
1Request Sender: /userman, Token: $2y$12$QqBVuKNoEmcQnUgeYxgqK.BNcDE3.9s/td9s4NalTta4v9jS7bEEe
Request Sender: /userman, Token: $2y$12$DxPzTySLa37RRmbC/xMcUO4ysdYPo2.9pmQknnAyHuBQjAeZi2HxG
Request Sender: /userman, Token: $2y$12$1qI2Z0ce5.AEDuzCthdCFO/imbteO8bFX9G3QC.Vr2Ft7aWKI6FrC
Request Sender: /userman, Token: $2y$12$XviEazkF4zcfw2k/pY4zC..FUs0pgyRs8fbghhxlfz4dlQFUpaHEO
Request Sender: /, Token: $2y$12$hy1vtm0jE76cNiHLcs.aE.kKQ1FVJATy5EMEZAgs4QxqgtFS4gGbO
Request Sender: /, Token: $2y$12$1rvgyFdUTW7cn9n8humhF.KCBbPOWGB9P9O3tPzIb05g.WMHLwOrS
Request Sender: /userman, Token: $2y$12$2yHz24nOBwltsr8GTRK.6OSaPMhOxpsxui9BC0WCimJeLQWhE/E4a
Request Sender: /userman, Token: $2y$12$bASq08HAsFwxo9caUEhYk.xPiMm0qVFwKves50zKNLkFKyg9mu3Hy
Request Sender: /userman, Token: $2y$12$TBm0oodn3vQ4ptK0/f/5WuPTZCt7NgPfHN/LqqnHHUmHKHNl0Sore
Request Sender: /, Token: $2y$12$26Ag8SN6elJyzmX.7BStoOyLZVuT860uHo/T6j/qguU7ovKm6p2dS
